2025-05-10T12:44:13.678+05:30  INFO 36344 --- [TravelPackage] [restartedMain] com.cts.TravelPackageApplication         : Starting TravelPackageApplication using Java 21.0.6 with PID 36344 (C:\Users\2401069\git\TravelPackageBooking\TravelPackage\target\classes started by 2401069 in C:\Users\2401069\git\TravelPackageBooking\TravelPackage)
2025-05-10T12:44:13.699+05:30  INFO 36344 --- [TravelPackage] [restartedMain] com.cts.TravelPackageApplication         : No active profile set, falling back to 1 default profile: "default"
2025-05-10T12:44:13.858+05:30  INFO 36344 --- [TravelPackage] [restartedMain] o.s.c.c.c.ConfigServerConfigDataLoader   : Fetching config from server at : http://localhost:8888
2025-05-10T12:44:13.871+05:30  INFO 36344 --- [TravelPackage] [restartedMain] o.s.c.c.c.ConfigServerConfigDataLoader   : Located environment: name=TravelPackage, profiles=[default], label=null, version=767bc270dd63bcb8401aeccf5f8e6e9df6854b18, state=
2025-05-10T12:44:13.878+05:30  INFO 36344 --- [TravelPackage] [restartedMain] .e.DevToolsPropertyDefaultsPostProcessor : Devtools property defaults active! Set 'spring.devtools.add-properties' to 'false' to disable
2025-05-10T12:44:13.879+05:30  INFO 36344 --- [TravelPackage] [restartedMain] .e.DevToolsPropertyDefaultsPostProcessor : For additional web related logging consider setting the 'logging.level.web' property to 'DEBUG'
2025-05-10T12:44:18.078+05:30  INFO 36344 --- [TravelPackage] [restartedMain] .s.d.r.c.RepositoryConfigurationDelegate : Bootstrapping Spring Data JPA repositories in DEFAULT mode.
2025-05-10T12:44:18.726+05:30  INFO 36344 --- [TravelPackage] [restartedMain] .s.d.r.c.RepositoryConfigurationDelegate : Finished Spring Data repository scanning in 581 ms. Found 1 JPA repository interface.
2025-05-10T12:44:19.748+05:30  INFO 36344 --- [TravelPackage] [restartedMain] o.s.cloud.context.scope.GenericScope     : BeanFactory id=1eaaa93e-446d-3829-9f35-b51f420ae40f
2025-05-10T12:44:22.214+05:30  INFO 36344 --- [TravelPackage] [restartedMain] o.s.b.w.embedded.tomcat.TomcatWebServer  : Tomcat initialized with port 4001 (http)
2025-05-10T12:44:22.271+05:30  INFO 36344 --- [TravelPackage] [restartedMain] o.apache.catalina.core.StandardService   : Starting service [Tomcat]
2025-05-10T12:44:22.274+05:30  INFO 36344 --- [TravelPackage] [restartedMain] o.apache.catalina.core.StandardEngine    : Starting Servlet engine: [Apache Tomcat/10.1.40]
2025-05-10T12:44:22.571+05:30  INFO 36344 --- [TravelPackage] [restartedMain] o.a.c.c.C.[Tomcat].[localhost].[/]       : Initializing Spring embedded WebApplicationContext
2025-05-10T12:44:22.573+05:30  INFO 36344 --- [TravelPackage] [restartedMain] w.s.c.ServletWebServerApplicationContext : Root WebApplicationContext: initialization completed in 8691 ms
2025-05-10T12:44:23.887+05:30  INFO 36344 --- [TravelPackage] [restartedMain] o.hibernate.jpa.internal.util.LogHelper  : HHH000204: Processing PersistenceUnitInfo [name: default]
2025-05-10T12:44:24.105+05:30  INFO 36344 --- [TravelPackage] [restartedMain] org.hibernate.Version                    : HHH000412: Hibernate ORM core version 6.6.13.Final
2025-05-10T12:44:24.272+05:30  INFO 36344 --- [TravelPackage] [restartedMain] o.h.c.internal.RegionFactoryInitiator    : HHH000026: Second-level cache disabled
2025-05-10T12:44:25.491+05:30  INFO 36344 --- [TravelPackage] [restartedMain] o.s.o.j.p.SpringPersistenceUnitInfo      : No LoadTimeWeaver setup: ignoring JPA class transformer
2025-05-10T12:44:25.612+05:30  INFO 36344 --- [TravelPackage] [restartedMain] com.zaxxer.hikari.HikariDataSource       : HikariPool-1 - Starting...
2025-05-10T12:44:26.642+05:30  INFO 36344 --- [TravelPackage] [restartedMain] com.zaxxer.hikari.pool.HikariPool        : HikariPool-1 - Added connection com.mysql.cj.jdbc.ConnectionImpl@40b0e7cb
2025-05-10T12:44:26.646+05:30  INFO 36344 --- [TravelPackage] [restartedMain] com.zaxxer.hikari.HikariDataSource       : HikariPool-1 - Start completed.
2025-05-10T12:44:26.838+05:30  WARN 36344 --- [TravelPackage] [restartedMain] org.hibernate.orm.deprecation            : HHH90000025: MySQLDialect does not need to be specified explicitly using 'hibernate.dialect' (remove the property setting and it will be selected by default)
2025-05-10T12:44:26.892+05:30  INFO 36344 --- [TravelPackage] [restartedMain] org.hibernate.orm.connections.pooling    : HHH10001005: Database info:
	Database JDBC URL [Connecting through datasource 'HikariDataSource (HikariPool-1)']
	Database driver: undefined/unknown
	Database version: 8.0.41
	Autocommit mode: undefined/unknown
	Isolation level: undefined/unknown
	Minimum pool size: undefined/unknown
	Maximum pool size: undefined/unknown
2025-05-10T12:44:29.850+05:30  INFO 36344 --- [TravelPackage] [restartedMain] o.h.e.t.j.p.i.JtaPlatformInitiator       : HHH000489: No JTA platform available (set 'hibernate.transaction.jta.platform' to enable JTA platform integration)
2025-05-10T12:44:29.976+05:30  INFO 36344 --- [TravelPackage] [restartedMain] j.LocalContainerEntityManagerFactoryBean : Initialized JPA EntityManagerFactory for persistence unit 'default'
2025-05-10T12:44:31.402+05:30  WARN 36344 --- [TravelPackage] [restartedMain] JpaBaseConfiguration$JpaWebConfiguration : spring.jpa.open-in-view is enabled by default. Therefore, database queries may be performed during view rendering. Explicitly configure spring.jpa.open-in-view to disable this warning
2025-05-10T12:44:31.635+05:30  WARN 36344 --- [TravelPackage] [restartedMain] o.s.b.d.a.OptionalLiveReloadServer       : Unable to start LiveReload server
2025-05-10T12:44:31.763+05:30  INFO 36344 --- [TravelPackage] [restartedMain] o.s.c.openfeign.FeignClientFactoryBean   : For 'REVIEW' URL not provided. Will try picking an instance via load-balancing.
2025-05-10T12:44:35.113+05:30  INFO 36344 --- [TravelPackage] [restartedMain] .w.s.a.s.AnnotationActionEndpointMapping : Supporting [WS-Addressing August 2004, WS-Addressing 1.0]
2025-05-10T12:44:35.319+05:30  INFO 36344 --- [TravelPackage] [restartedMain] DiscoveryClientOptionalArgsConfiguration : Eureka HTTP Client uses RestTemplate.
2025-05-10T12:44:35.464+05:30  WARN 36344 --- [TravelPackage] [restartedMain] iguration$LoadBalancerCaffeineWarnLogger : Spring Cloud LoadBalancer is currently working with the default cache. While this cache implementation is useful for development and tests, it's recommended to use Caffeine cache in production.You can switch to using Caffeine cache, by adding it and org.springframework.cache.caffeine.CaffeineCacheManager to the classpath.
2025-05-10T12:44:35.533+05:30  INFO 36344 --- [TravelPackage] [restartedMain] o.s.b.a.e.web.EndpointLinksResolver      : Exposing 1 endpoint beneath base path '/actuator'
2025-05-10T12:44:35.931+05:30  INFO 36344 --- [TravelPackage] [restartedMain] o.s.c.n.eureka.InstanceInfoFactory       : Setting initial instance status as: STARTING
2025-05-10T12:44:36.001+05:30  INFO 36344 --- [TravelPackage] [restartedMain] com.netflix.discovery.DiscoveryClient    : Initializing Eureka in region us-east-1
2025-05-10T12:44:36.010+05:30  INFO 36344 --- [TravelPackage] [restartedMain] c.n.d.s.r.aws.ConfigClusterResolver      : Resolving eureka endpoints via configuration
2025-05-10T12:44:36.034+05:30  INFO 36344 --- [TravelPackage] [restartedMain] com.netflix.discovery.DiscoveryClient    : Disable delta property : false
2025-05-10T12:44:36.034+05:30  INFO 36344 --- [TravelPackage] [restartedMain] com.netflix.discovery.DiscoveryClient    : Single vip registry refresh property : null
2025-05-10T12:44:36.034+05:30  INFO 36344 --- [TravelPackage] [restartedMain] com.netflix.discovery.DiscoveryClient    : Force full registry fetch : false
2025-05-10T12:44:36.035+05:30  INFO 36344 --- [TravelPackage] [restartedMain] com.netflix.discovery.DiscoveryClient    : Application is null : false
2025-05-10T12:44:36.035+05:30  INFO 36344 --- [TravelPackage] [restartedMain] com.netflix.discovery.DiscoveryClient    : Registered Applications size is zero : true
2025-05-10T12:44:36.035+05:30  INFO 36344 --- [TravelPackage] [restartedMain] com.netflix.discovery.DiscoveryClient    : Application version is -1: true
2025-05-10T12:44:36.036+05:30  INFO 36344 --- [TravelPackage] [restartedMain] com.netflix.discovery.DiscoveryClient    : Getting all instance registry info from the eureka server
2025-05-10T12:44:36.850+05:30  INFO 36344 --- [TravelPackage] [restartedMain] com.netflix.discovery.DiscoveryClient    : The response status is 200
2025-05-10T12:44:36.855+05:30  INFO 36344 --- [TravelPackage] [restartedMain] com.netflix.discovery.DiscoveryClient    : Starting heartbeat executor: renew interval is: 30
2025-05-10T12:44:36.859+05:30  INFO 36344 --- [TravelPackage] [restartedMain] c.n.discovery.InstanceInfoReplicator     : InstanceInfoReplicator onDemand update allowed rate per min is 4
2025-05-10T12:44:36.862+05:30  INFO 36344 --- [TravelPackage] [restartedMain] com.netflix.discovery.DiscoveryClient    : Discovery Client initialized at timestamp 1746861276862 with initial instances count: 1
2025-05-10T12:44:36.875+05:30  INFO 36344 --- [TravelPackage] [restartedMain] o.s.c.n.e.s.EurekaServiceRegistry        : Registering application TRAVELPACKAGE with eureka with status UP
2025-05-10T12:44:36.877+05:30  INFO 36344 --- [TravelPackage] [restartedMain] com.netflix.discovery.DiscoveryClient    : Saw local status change event StatusChangeEvent [timestamp=1746861276877, current=UP, previous=STARTING]
2025-05-10T12:44:36.883+05:30  INFO 36344 --- [TravelPackage] [DiscoveryClient-InstanceInfoReplicator-%d] com.netflix.discovery.DiscoveryClient    : DiscoveryClient_TRAVELPACKAGE/LTIN603872.cts.com:TravelPackage:4001: registering service...
2025-05-10T12:44:36.925+05:30  INFO 36344 --- [TravelPackage] [restartedMain] o.s.b.w.embedded.tomcat.TomcatWebServer  : Tomcat started on port 4001 (http) with context path '/'
2025-05-10T12:44:36.926+05:30  INFO 36344 --- [TravelPackage] [restartedMain] .s.c.n.e.s.EurekaAutoServiceRegistration : Updating port to 4001
2025-05-10T12:44:36.966+05:30  INFO 36344 --- [TravelPackage] [restartedMain] com.cts.TravelPackageApplication         : Started TravelPackageApplication in 27.759 seconds (process running for 31.346)
2025-05-10T12:44:36.972+05:30  INFO 36344 --- [TravelPackage] [DiscoveryClient-InstanceInfoReplicator-%d] com.netflix.discovery.DiscoveryClient    : DiscoveryClient_TRAVELPACKAGE/LTIN603872.cts.com:TravelPackage:4001 - registration status: 204
2025-05-10T12:44:37.570+05:30  INFO 36344 --- [TravelPackage] [RMI TCP Connection(6)-127.0.0.1] o.a.c.c.C.[Tomcat].[localhost].[/]       : Initializing Spring DispatcherServlet 'dispatcherServlet'
2025-05-10T12:44:37.571+05:30  INFO 36344 --- [TravelPackage] [RMI TCP Connection(6)-127.0.0.1] o.s.web.servlet.DispatcherServlet        : Initializing Servlet 'dispatcherServlet'
2025-05-10T12:44:37.573+05:30  INFO 36344 --- [TravelPackage] [RMI TCP Connection(6)-127.0.0.1] o.s.web.servlet.DispatcherServlet        : Completed initialization in 2 ms
2025-05-10T12:45:46.538+05:30  INFO 36344 --- [TravelPackage] [http-nio-4001-exec-1] c.cts.service.TravelPackageServiceImpl   : Searching for a Traevl Package
2025-05-10T12:45:46.825+05:30  INFO 36344 --- [TravelPackage] [http-nio-4001-exec-1] c.cts.service.TravelPackageServiceImpl   : Traevl Package found!!
2025-05-10T12:45:47.209+05:30  INFO 36344 --- [TravelPackage] [http-nio-4001-exec-2] c.cts.service.TravelPackageServiceImpl   : Updated Travel Package
2025-05-10T12:49:36.140+05:30  INFO 36344 --- [TravelPackage] [AsyncResolver-bootstrap-executor-%d] c.n.d.s.r.aws.ConfigClusterResolver      : Resolving eureka endpoints via configuration
2025-05-10T13:43:43.839+05:30  WARN 36344 --- [TravelPackage] [HikariPool-1 housekeeper] com.zaxxer.hikari.pool.HikariPool        : HikariPool-1 - Thread starvation or clock leap detected (housekeeper delta=50m45s417ms406µs700ns).
2025-05-10T18:58:15.955+05:30  WARN 36344 --- [TravelPackage] [HikariPool-1 housekeeper] com.zaxxer.hikari.pool.HikariPool        : HikariPool-1 - Thread starvation or clock leap detected (housekeeper delta=5h14m32s116ms347µs100ns).
2025-05-10T18:58:54.704+05:30  INFO 36344 --- [TravelPackage] [AsyncResolver-bootstrap-executor-%d] c.n.d.s.r.aws.ConfigClusterResolver      : Resolving eureka endpoints via configuration
2025-05-10T19:03:54.719+05:30  INFO 36344 --- [TravelPackage] [AsyncResolver-bootstrap-executor-%d] c.n.d.s.r.aws.ConfigClusterResolver      : Resolving eureka endpoints via configuration
2025-05-10T19:08:54.726+05:30  INFO 36344 --- [TravelPackage] [AsyncResolver-bootstrap-executor-%d] c.n.d.s.r.aws.ConfigClusterResolver      : Resolving eureka endpoints via configuration
2025-05-10T19:13:54.736+05:30  INFO 36344 --- [TravelPackage] [AsyncResolver-bootstrap-executor-%d] c.n.d.s.r.aws.ConfigClusterResolver      : Resolving eureka endpoints via configuration
2025-05-10T19:18:54.750+05:30  INFO 36344 --- [TravelPackage] [AsyncResolver-bootstrap-executor-%d] c.n.d.s.r.aws.ConfigClusterResolver      : Resolving eureka endpoints via configuration
2025-05-10T19:23:54.762+05:30  INFO 36344 --- [TravelPackage] [AsyncResolver-bootstrap-executor-%d] c.n.d.s.r.aws.ConfigClusterResolver      : Resolving eureka endpoints via configuration
2025-05-10T19:28:54.767+05:30  INFO 36344 --- [TravelPackage] [AsyncResolver-bootstrap-executor-%d] c.n.d.s.r.aws.ConfigClusterResolver      : Resolving eureka endpoints via configuration
2025-05-10T19:33:54.772+05:30  INFO 36344 --- [TravelPackage] [AsyncResolver-bootstrap-executor-%d] c.n.d.s.r.aws.ConfigClusterResolver      : Resolving eureka endpoints via configuration
2025-05-10T19:38:54.783+05:30  INFO 36344 --- [TravelPackage] [AsyncResolver-bootstrap-executor-%d] c.n.d.s.r.aws.ConfigClusterResolver      : Resolving eureka endpoints via configuration
2025-05-10T19:43:54.784+05:30  INFO 36344 --- [TravelPackage] [AsyncResolver-bootstrap-executor-%d] c.n.d.s.r.aws.ConfigClusterResolver      : Resolving eureka endpoints via configuration
2025-05-10T19:48:54.786+05:30  INFO 36344 --- [TravelPackage] [AsyncResolver-bootstrap-executor-%d] c.n.d.s.r.aws.ConfigClusterResolver      : Resolving eureka endpoints via configuration
2025-05-10T19:53:54.798+05:30  INFO 36344 --- [TravelPackage] [AsyncResolver-bootstrap-executor-%d] c.n.d.s.r.aws.ConfigClusterResolver      : Resolving eureka endpoints via configuration
2025-05-10T19:58:54.805+05:30  INFO 36344 --- [TravelPackage] [AsyncResolver-bootstrap-executor-%d] c.n.d.s.r.aws.ConfigClusterResolver      : Resolving eureka endpoints via configuration
2025-05-10T20:02:48.198+05:30  INFO 36344 --- [TravelPackage] [http-nio-4001-exec-4] o.apache.coyote.http11.Http11Processor   : Error parsing HTTP request header
 Note: further occurrences of HTTP request parsing errors will be logged at DEBUG level.

java.lang.IllegalArgumentException: Invalid character found in method name [0x160x030x030x010xf40x010x000x010xf00x030x030xe40xa70xc00x1320xb1/0x7f0x810xa20xf6t0x830xab0x990xce0x14C0xa7(0x170xc40xf5E0x9a0xe10xfd0xec0x96|0xd6A0x000x01|0x000x000x000x010x000x020x000x030x000x040x000x050x000x060x000x070x000x080x000x090x000x0a0x000x0b0x000x0c0x000x0d0x000x0e0x000x0f0x000x100x000x110x000x120x000x130x000x140x000x150x000x160x000x170x000x180x000x190x000x1a0x000x1b0x00/0x0000x0010x0020x0030x0040x0050x0060x0070x0080x0090x00:0x00;0x00<0x00=0x00>0x00?0x00@0x00A0x00B0x00C0x00D0x00E0x00F0x00g0x00h0x00i0x00j0x00k0x00l0x00m0x000x840x000x850x000x860x000x870x000x880x000x890x000x960x000x970x000x980x000x990x000x9a0x000x9b0x000x9c0x000x9d0x000x9e0x000x9f0x000xa00x000xa10x000xa20x000xa30x000xa40x000xa50x000xa60x000xa70x000xba0x000xbb0x000xbc0x000xbd0x000xbe0x000xbf0x000xc00x000xc10x000xc20x000xc30x000xc40x000xc50x130x010x130x020x130x030x130x040x130x050xc00x010xc00x020xc00x030xc00x040xc00x050xc00x060xc00x070xc00x080xc00x090xc00x0a0xc00x0b0xc00x0c0xc00x0d0xc00x0e0xc00x0f0xc00x100xc00x110xc00x120xc00x130xc00x140xc00x150xc00x160xc00x170xc00x180xc00x190xc0#0xc0$0xc0%0xc0&0xc0'0xc0(0xc0)0xc0*0xc0+0xc0,0xc0-0xc0.0xc0/0xc000xc010xc020xc0r0xc0s0xc0t0xc0u0xc0v0xc0w0xc0x0xc0y0xc0z0xc0{0xc0|0xc0}0xc0~0xc00x7f0xc00x800xc00x810xc00x820xc00x830xc00x840xc00x850xc00x860xc00x870xc00x880xc00x890xc00x8a0xc00x8b0xc00x8c0xc00x8d0xc00x8e0xc00x8f0xc00x900xc00x910xc00x920xc00x930xc00x940xc00x950xc00x960xc00x970xc00x980xc00x990xc00x9a0xc00x9b0xcc0xa80xcc0xa90xcc0xaa0xcc0xab0xcc0xac0xcc0xad0xcc0xae0x020x000x010x00J0x000x0a0x000x0a0x000x080x000x170x000x190x000x180x000x160x000x0b0x000x040x030x000x010x020x000x0d0x0000x00.0x040x030x050x030x060x030x080x070x080x080x080x1a0x080x1b0x080x1c0x080x090x080x0a0x080x0b0x080x040x080x050x080x060x040x010x050x010x060x010x030x030x030x010x030x020x040x020x050x020x060x02...]. HTTP method names must be tokens
	at org.apache.coyote.http11.Http11InputBuffer.parseRequestLine(Http11InputBuffer.java:403) ~[tomcat-embed-core-10.1.40.jar:10.1.40]
	at org.apache.coyote.http11.Http11Processor.service(Http11Processor.java:271) ~[tomcat-embed-core-10.1.40.jar:10.1.40]
	at org.apache.coyote.AbstractProcessorLight.process(AbstractProcessorLight.java:63) ~[tomcat-embed-core-10.1.40.jar:10.1.40]
	at org.apache.coyote.AbstractProtocol$ConnectionHandler.process(AbstractProtocol.java:903) ~[tomcat-embed-core-10.1.40.jar:10.1.40]
	at org.apache.tomcat.util.net.NioEndpoint$SocketProcessor.doRun(NioEndpoint.java:1740) ~[tomcat-embed-core-10.1.40.jar:10.1.40]
	at org.apache.tomcat.util.net.SocketProcessorBase.run(SocketProcessorBase.java:52) ~[tomcat-embed-core-10.1.40.jar:10.1.40]
	at org.apache.tomcat.util.threads.ThreadPoolExecutor.runWorker(ThreadPoolExecutor.java:1189) ~[tomcat-embed-core-10.1.40.jar:10.1.40]
	at org.apache.tomcat.util.threads.ThreadPoolExecutor$Worker.run(ThreadPoolExecutor.java:658) ~[tomcat-embed-core-10.1.40.jar:10.1.40]
	at org.apache.tomcat.util.threads.TaskThread$WrappingRunnable.run(TaskThread.java:63) ~[tomcat-embed-core-10.1.40.jar:10.1.40]
	at java.base/java.lang.Thread.run(Thread.java:1583) ~[na:na]

2025-05-10T20:02:48.306+05:30  INFO 36344 --- [TravelPackage] [http-nio-4001-exec-5] o.apache.coyote.http11.Http11Processor   : Error parsing HTTP request header
 Note: further occurrences of HTTP request parsing errors will be logged at DEBUG level.

java.lang.IllegalArgumentException: Invalid character found in method name [0x160x030x020x010xc00x010x000x010xbc0x030x020xc6CW0x830x960x9b0xd6C=@0x0fV0x1e0x0e0xc70x1c0x0c0x8e0x0aT0x9a}0xfd10xbav0x960xf00x920xf470x9c0x000x01|0x000x000x000x010x000x020x000x030x000x040x000x050x000x060x000x070x000x080x000x090x000x0a0x000x0b0x000x0c0x000x0d0x000x0e0x000x0f0x000x100x000x110x000x120x000x130x000x140x000x150x000x160x000x170x000x180x000x190x000x1a0x000x1b0x00/0x0000x0010x0020x0030x0040x0050x0060x0070x0080x0090x00:0x00;0x00<0x00=0x00>0x00?0x00@0x00A0x00B0x00C0x00D0x00E0x00F0x00g0x00h0x00i0x00j0x00k0x00l0x00m0x000x840x000x850x000x860x000x870x000x880x000x890x000x960x000x970x000x980x000x990x000x9a0x000x9b0x000x9c0x000x9d0x000x9e0x000x9f0x000xa00x000xa10x000xa20x000xa30x000xa40x000xa50x000xa60x000xa70x000xba0x000xbb0x000xbc0x000xbd0x000xbe0x000xbf0x000xc00x000xc10x000xc20x000xc30x000xc40x000xc50x130x010x130x020x130x030x130x040x130x050xc00x010xc00x020xc00x030xc00x040xc00x050xc00x060xc00x070xc00x080xc00x090xc00x0a0xc00x0b0xc00x0c0xc00x0d0xc00x0e0xc00x0f0xc00x100xc00x110xc00x120xc00x130xc00x140xc00x150xc00x160xc00x170xc00x180xc00x190xc0#0xc0$0xc0%0xc0&0xc0'0xc0(0xc0)0xc0*0xc0+0xc0,0xc0-0xc0.0xc0/0xc000xc010xc020xc0r0xc0s0xc0t0xc0u0xc0v0xc0w0xc0x0xc0y0xc0z0xc0{0xc0|0xc0}0xc0~0xc00x7f0xc00x800xc00x810xc00x820xc00x830xc00x840xc00x850xc00x860xc00x870xc00x880xc00x890xc00x8a0xc00x8b0xc00x8c0xc00x8d0xc00x8e0xc00x8f0xc00x900xc00x910xc00x920xc00x930xc00x940xc00x950xc00x960xc00x970xc00x980xc00x990xc00x9a0xc00x9b0xcc0xa80xcc0xa90xcc0xaa0xcc0xab0xcc0xac0xcc0xad0xcc0xae0x020x000x010x000x160x000x0a0x000x0a0x000x080x000x170x000x190x000x180x000x160x000x0b0x000x040x030x000x010x02...]. HTTP method names must be tokens
	at org.apache.coyote.http11.Http11InputBuffer.parseRequestLine(Http11InputBuffer.java:403) ~[tomcat-embed-core-10.1.40.jar:10.1.40]
	at org.apache.coyote.http11.Http11Processor.service(Http11Processor.java:271) ~[tomcat-embed-core-10.1.40.jar:10.1.40]
	at org.apache.coyote.AbstractProcessorLight.process(AbstractProcessorLight.java:63) ~[tomcat-embed-core-10.1.40.jar:10.1.40]
	at org.apache.coyote.AbstractProtocol$ConnectionHandler.process(AbstractProtocol.java:903) ~[tomcat-embed-core-10.1.40.jar:10.1.40]
	at org.apache.tomcat.util.net.NioEndpoint$SocketProcessor.doRun(NioEndpoint.java:1740) ~[tomcat-embed-core-10.1.40.jar:10.1.40]
	at org.apache.tomcat.util.net.SocketProcessorBase.run(SocketProcessorBase.java:52) ~[tomcat-embed-core-10.1.40.jar:10.1.40]
	at org.apache.tomcat.util.threads.ThreadPoolExecutor.runWorker(ThreadPoolExecutor.java:1189) ~[tomcat-embed-core-10.1.40.jar:10.1.40]
	at org.apache.tomcat.util.threads.ThreadPoolExecutor$Worker.run(ThreadPoolExecutor.java:658) ~[tomcat-embed-core-10.1.40.jar:10.1.40]
	at org.apache.tomcat.util.threads.TaskThread$WrappingRunnable.run(TaskThread.java:63) ~[tomcat-embed-core-10.1.40.jar:10.1.40]
	at java.base/java.lang.Thread.run(Thread.java:1583) ~[na:na]

2025-05-10T20:03:54.815+05:30  INFO 36344 --- [TravelPackage] [AsyncResolver-bootstrap-executor-%d] c.n.d.s.r.aws.ConfigClusterResolver      : Resolving eureka endpoints via configuration
2025-05-10T20:08:54.827+05:30  INFO 36344 --- [TravelPackage] [AsyncResolver-bootstrap-executor-%d] c.n.d.s.r.aws.ConfigClusterResolver      : Resolving eureka endpoints via configuration
2025-05-10T20:13:54.840+05:30  INFO 36344 --- [TravelPackage] [AsyncResolver-bootstrap-executor-%d] c.n.d.s.r.aws.ConfigClusterResolver      : Resolving eureka endpoints via configuration
2025-05-10T20:18:54.844+05:30  INFO 36344 --- [TravelPackage] [AsyncResolver-bootstrap-executor-%d] c.n.d.s.r.aws.ConfigClusterResolver      : Resolving eureka endpoints via configuration
2025-05-10T20:23:54.856+05:30  INFO 36344 --- [TravelPackage] [AsyncResolver-bootstrap-executor-%d] c.n.d.s.r.aws.ConfigClusterResolver      : Resolving eureka endpoints via configuration
2025-05-10T20:28:54.868+05:30  INFO 36344 --- [TravelPackage] [AsyncResolver-bootstrap-executor-%d] c.n.d.s.r.aws.ConfigClusterResolver      : Resolving eureka endpoints via configuration
2025-05-10T21:11:19.005+05:30  WARN 36344 --- [TravelPackage] [HikariPool-1 housekeeper] com.zaxxer.hikari.pool.HikariPool        : HikariPool-1 - Thread starvation or clock leap detected (housekeeper delta=40m31s559ms279µs300ns).
2025-05-10T21:16:17.602+05:30  WARN 36344 --- [TravelPackage] [HikariPool-1 housekeeper] com.zaxxer.hikari.pool.HikariPool        : HikariPool-1 - Thread starvation or clock leap detected (housekeeper delta=4m58s596ms450µs700ns).
2025-05-10T21:18:24.971+05:30  INFO 36344 --- [TravelPackage] [AsyncResolver-bootstrap-executor-%d] c.n.d.s.r.aws.ConfigClusterResolver      : Resolving eureka endpoints via configuration
2025-05-10T21:23:24.987+05:30  INFO 36344 --- [TravelPackage] [AsyncResolver-bootstrap-executor-%d] c.n.d.s.r.aws.ConfigClusterResolver      : Resolving eureka endpoints via configuration
2025-05-10T21:28:24.999+05:30  INFO 36344 --- [TravelPackage] [AsyncResolver-bootstrap-executor-%d] c.n.d.s.r.aws.ConfigClusterResolver      : Resolving eureka endpoints via configuration
2025-05-10T21:33:25.008+05:30  INFO 36344 --- [TravelPackage] [AsyncResolver-bootstrap-executor-%d] c.n.d.s.r.aws.ConfigClusterResolver      : Resolving eureka endpoints via configuration
2025-05-10T21:38:25.010+05:30  INFO 36344 --- [TravelPackage] [AsyncResolver-bootstrap-executor-%d] c.n.d.s.r.aws.ConfigClusterResolver      : Resolving eureka endpoints via configuration
2025-05-10T21:43:25.130+05:30  INFO 36344 --- [TravelPackage] [AsyncResolver-bootstrap-executor-%d] c.n.d.s.r.aws.ConfigClusterResolver      : Resolving eureka endpoints via configuration
2025-05-10T21:48:25.148+05:30  INFO 36344 --- [TravelPackage] [AsyncResolver-bootstrap-executor-%d] c.n.d.s.r.aws.ConfigClusterResolver      : Resolving eureka endpoints via configuration
2025-05-10T21:53:27.660+05:30  INFO 36344 --- [TravelPackage] [AsyncResolver-bootstrap-executor-%d] c.n.d.s.r.aws.ConfigClusterResolver      : Resolving eureka endpoints via configuration
2025-05-10T21:58:27.673+05:30  INFO 36344 --- [TravelPackage] [AsyncResolver-bootstrap-executor-%d] c.n.d.s.r.aws.ConfigClusterResolver      : Resolving eureka endpoints via configuration
2025-05-10T22:03:27.679+05:30  INFO 36344 --- [TravelPackage] [AsyncResolver-bootstrap-executor-%d] c.n.d.s.r.aws.ConfigClusterResolver      : Resolving eureka endpoints via configuration
2025-05-10T22:08:27.680+05:30  INFO 36344 --- [TravelPackage] [AsyncResolver-bootstrap-executor-%d] c.n.d.s.r.aws.ConfigClusterResolver      : Resolving eureka endpoints via configuration
2025-05-10T22:13:27.689+05:30  INFO 36344 --- [TravelPackage] [AsyncResolver-bootstrap-executor-%d] c.n.d.s.r.aws.ConfigClusterResolver      : Resolving eureka endpoints via configuration
2025-05-10T22:18:27.698+05:30  INFO 36344 --- [TravelPackage] [AsyncResolver-bootstrap-executor-%d] c.n.d.s.r.aws.ConfigClusterResolver      : Resolving eureka endpoints via configuration
2025-05-10T22:23:27.728+05:30  INFO 36344 --- [TravelPackage] [AsyncResolver-bootstrap-executor-%d] c.n.d.s.r.aws.ConfigClusterResolver      : Resolving eureka endpoints via configuration
2025-05-10T22:31:01.151+05:30  WARN 36344 --- [TravelPackage] [HikariPool-1 housekeeper] com.zaxxer.hikari.pool.HikariPool        : HikariPool-1 - Thread starvation or clock leap detected (housekeeper delta=4m5s845ms52µs900ns).
