2025-05-08T10:05:57.399+05:30  INFO 29796 --- [Review] [restartedMain] com.cts.ReviewApplication                : Starting ReviewApplication using Java 21.0.6 with PID 29796 (C:\Users\2401069\git\TravelPackageBooking\Review\target\classes started by 2401069 in C:\Users\2401069\git\TravelPackageBooking\Review)
2025-05-08T10:05:57.406+05:30  INFO 29796 --- [Review] [restartedMain] com.cts.ReviewApplication                : No active profile set, falling back to 1 default profile: "default"
2025-05-08T10:05:57.485+05:30  INFO 29796 --- [Review] [restartedMain] o.s.c.c.c.ConfigServerConfigDataLoader   : Fetching config from server at : http://localhost:8888
2025-05-08T10:05:57.488+05:30  INFO 29796 --- [Review] [restartedMain] o.s.c.c.c.ConfigServerConfigDataLoader   : Located environment: name=Review, profiles=[default], label=null, version=767bc270dd63bcb8401aeccf5f8e6e9df6854b18, state=
2025-05-08T10:05:57.492+05:30  INFO 29796 --- [Review] [restartedMain] .e.DevToolsPropertyDefaultsPostProcessor : Devtools property defaults active! Set 'spring.devtools.add-properties' to 'false' to disable
2025-05-08T10:05:57.492+05:30  INFO 29796 --- [Review] [restartedMain] .e.DevToolsPropertyDefaultsPostProcessor : For additional web related logging consider setting the 'logging.level.web' property to 'DEBUG'
2025-05-08T10:05:58.656+05:30  INFO 29796 --- [Review] [restartedMain] .s.d.r.c.RepositoryConfigurationDelegate : Bootstrapping Spring Data JPA repositories in DEFAULT mode.
2025-05-08T10:05:58.767+05:30  INFO 29796 --- [Review] [restartedMain] .s.d.r.c.RepositoryConfigurationDelegate : Finished Spring Data repository scanning in 103 ms. Found 1 JPA repository interface.
2025-05-08T10:05:59.024+05:30  INFO 29796 --- [Review] [restartedMain] o.s.cloud.context.scope.GenericScope     : BeanFactory id=538a1e00-2091-300e-aba0-23b4c1a249c5
2025-05-08T10:05:59.621+05:30  INFO 29796 --- [Review] [restartedMain] o.s.b.w.embedded.tomcat.TomcatWebServer  : Tomcat initialized with port 4002 (http)
2025-05-08T10:05:59.633+05:30  INFO 29796 --- [Review] [restartedMain] o.apache.catalina.core.StandardService   : Starting service [Tomcat]
2025-05-08T10:05:59.634+05:30  INFO 29796 --- [Review] [restartedMain] o.apache.catalina.core.StandardEngine    : Starting Servlet engine: [Apache Tomcat/10.1.40]
2025-05-08T10:05:59.685+05:30  INFO 29796 --- [Review] [restartedMain] o.a.c.c.C.[Tomcat].[localhost].[/]       : Initializing Spring embedded WebApplicationContext
2025-05-08T10:05:59.686+05:30  INFO 29796 --- [Review] [restartedMain] w.s.c.ServletWebServerApplicationContext : Root WebApplicationContext: initialization completed in 2193 ms
2025-05-08T10:05:59.986+05:30  INFO 29796 --- [Review] [restartedMain] o.hibernate.jpa.internal.util.LogHelper  : HHH000204: Processing PersistenceUnitInfo [name: default]
2025-05-08T10:06:00.036+05:30  INFO 29796 --- [Review] [restartedMain] org.hibernate.Version                    : HHH000412: Hibernate ORM core version 6.6.13.Final
2025-05-08T10:06:00.063+05:30  INFO 29796 --- [Review] [restartedMain] o.h.c.internal.RegionFactoryInitiator    : HHH000026: Second-level cache disabled
2025-05-08T10:06:00.376+05:30  INFO 29796 --- [Review] [restartedMain] o.s.o.j.p.SpringPersistenceUnitInfo      : No LoadTimeWeaver setup: ignoring JPA class transformer
2025-05-08T10:06:00.407+05:30  INFO 29796 --- [Review] [restartedMain] com.zaxxer.hikari.HikariDataSource       : HikariPool-1 - Starting...
2025-05-08T10:06:00.776+05:30  INFO 29796 --- [Review] [restartedMain] com.zaxxer.hikari.pool.HikariPool        : HikariPool-1 - Added connection com.mysql.cj.jdbc.ConnectionImpl@1716a3fb
2025-05-08T10:06:00.779+05:30  INFO 29796 --- [Review] [restartedMain] com.zaxxer.hikari.HikariDataSource       : HikariPool-1 - Start completed.
2025-05-08T10:06:00.848+05:30  WARN 29796 --- [Review] [restartedMain] org.hibernate.orm.deprecation            : HHH90000025: MySQLDialect does not need to be specified explicitly using 'hibernate.dialect' (remove the property setting and it will be selected by default)
2025-05-08T10:06:00.866+05:30  INFO 29796 --- [Review] [restartedMain] org.hibernate.orm.connections.pooling    : HHH10001005: Database info:
	Database JDBC URL [Connecting through datasource 'HikariDataSource (HikariPool-1)']
	Database driver: undefined/unknown
	Database version: 8.0.41
	Autocommit mode: undefined/unknown
	Isolation level: undefined/unknown
	Minimum pool size: undefined/unknown
	Maximum pool size: undefined/unknown
2025-05-08T10:06:01.669+05:30  INFO 29796 --- [Review] [restartedMain] o.h.e.t.j.p.i.JtaPlatformInitiator       : HHH000489: No JTA platform available (set 'hibernate.transaction.jta.platform' to enable JTA platform integration)
2025-05-08T10:06:01.845+05:30  INFO 29796 --- [Review] [restartedMain] j.LocalContainerEntityManagerFactoryBean : Initialized JPA EntityManagerFactory for persistence unit 'default'
2025-05-08T10:06:02.188+05:30  WARN 29796 --- [Review] [restartedMain] JpaBaseConfiguration$JpaWebConfiguration : spring.jpa.open-in-view is enabled by default. Therefore, database queries may be performed during view rendering. Explicitly configure spring.jpa.open-in-view to disable this warning
2025-05-08T10:06:02.264+05:30  WARN 29796 --- [Review] [restartedMain] o.s.b.d.a.OptionalLiveReloadServer       : Unable to start LiveReload server
2025-05-08T10:06:02.320+05:30  INFO 29796 --- [Review] [restartedMain] o.s.c.openfeign.FeignClientFactoryBean   : For 'USERROLES' URL not provided. Will try picking an instance via load-balancing.
2025-05-08T10:06:03.409+05:30  INFO 29796 --- [Review] [restartedMain] .w.s.a.s.AnnotationActionEndpointMapping : Supporting [WS-Addressing August 2004, WS-Addressing 1.0]
2025-05-08T10:06:03.514+05:30  INFO 29796 --- [Review] [restartedMain] DiscoveryClientOptionalArgsConfiguration : Eureka HTTP Client uses RestTemplate.
2025-05-08T10:06:03.574+05:30  WARN 29796 --- [Review] [restartedMain] iguration$LoadBalancerCaffeineWarnLogger : Spring Cloud LoadBalancer is currently working with the default cache. While this cache implementation is useful for development and tests, it's recommended to use Caffeine cache in production.You can switch to using Caffeine cache, by adding it and org.springframework.cache.caffeine.CaffeineCacheManager to the classpath.
2025-05-08T10:06:03.602+05:30  INFO 29796 --- [Review] [restartedMain] o.s.b.a.e.web.EndpointLinksResolver      : Exposing 1 endpoint beneath base path '/actuator'
2025-05-08T10:06:03.722+05:30  INFO 29796 --- [Review] [restartedMain] o.s.c.n.eureka.InstanceInfoFactory       : Setting initial instance status as: STARTING
2025-05-08T10:06:03.752+05:30  INFO 29796 --- [Review] [restartedMain] com.netflix.discovery.DiscoveryClient    : Initializing Eureka in region us-east-1
2025-05-08T10:06:03.758+05:30  INFO 29796 --- [Review] [restartedMain] c.n.d.s.r.aws.ConfigClusterResolver      : Resolving eureka endpoints via configuration
2025-05-08T10:06:03.768+05:30  INFO 29796 --- [Review] [restartedMain] com.netflix.discovery.DiscoveryClient    : Disable delta property : false
2025-05-08T10:06:03.769+05:30  INFO 29796 --- [Review] [restartedMain] com.netflix.discovery.DiscoveryClient    : Single vip registry refresh property : null
2025-05-08T10:06:03.769+05:30  INFO 29796 --- [Review] [restartedMain] com.netflix.discovery.DiscoveryClient    : Force full registry fetch : false
2025-05-08T10:06:03.769+05:30  INFO 29796 --- [Review] [restartedMain] com.netflix.discovery.DiscoveryClient    : Application is null : false
2025-05-08T10:06:03.769+05:30  INFO 29796 --- [Review] [restartedMain] com.netflix.discovery.DiscoveryClient    : Registered Applications size is zero : true
2025-05-08T10:06:03.769+05:30  INFO 29796 --- [Review] [restartedMain] com.netflix.discovery.DiscoveryClient    : Application version is -1: true
2025-05-08T10:06:03.769+05:30  INFO 29796 --- [Review] [restartedMain] com.netflix.discovery.DiscoveryClient    : Getting all instance registry info from the eureka server
2025-05-08T10:06:04.102+05:30  INFO 29796 --- [Review] [restartedMain] com.netflix.discovery.DiscoveryClient    : The response status is 200
2025-05-08T10:06:04.105+05:30  INFO 29796 --- [Review] [restartedMain] com.netflix.discovery.DiscoveryClient    : Starting heartbeat executor: renew interval is: 30
2025-05-08T10:06:04.109+05:30  INFO 29796 --- [Review] [restartedMain] c.n.discovery.InstanceInfoReplicator     : InstanceInfoReplicator onDemand update allowed rate per min is 4
2025-05-08T10:06:04.111+05:30  INFO 29796 --- [Review] [restartedMain] com.netflix.discovery.DiscoveryClient    : Discovery Client initialized at timestamp 1746678964111 with initial instances count: 2
2025-05-08T10:06:04.118+05:30  INFO 29796 --- [Review] [restartedMain] o.s.c.n.e.s.EurekaServiceRegistry        : Registering application REVIEW with eureka with status UP
2025-05-08T10:06:04.119+05:30  INFO 29796 --- [Review] [restartedMain] com.netflix.discovery.DiscoveryClient    : Saw local status change event StatusChangeEvent [timestamp=1746678964119, current=UP, previous=STARTING]
2025-05-08T10:06:04.122+05:30  INFO 29796 --- [Review] [DiscoveryClient-InstanceInfoReplicator-%d] com.netflix.discovery.DiscoveryClient    : DiscoveryClient_REVIEW/LTIN603872.cts.com:Review:4002: registering service...
2025-05-08T10:06:04.149+05:30  INFO 29796 --- [Review] [restartedMain] o.s.b.w.embedded.tomcat.TomcatWebServer  : Tomcat started on port 4002 (http) with context path '/'
2025-05-08T10:06:04.150+05:30  INFO 29796 --- [Review] [restartedMain] .s.c.n.e.s.EurekaAutoServiceRegistration : Updating port to 4002
2025-05-08T10:06:04.170+05:30  INFO 29796 --- [Review] [restartedMain] com.cts.ReviewApplication                : Started ReviewApplication in 8.655 seconds (process running for 10.187)
2025-05-08T10:06:04.177+05:30  INFO 29796 --- [Review] [DiscoveryClient-InstanceInfoReplicator-%d] com.netflix.discovery.DiscoveryClient    : DiscoveryClient_REVIEW/LTIN603872.cts.com:Review:4002 - registration status: 204
2025-05-08T10:06:04.652+05:30  INFO 29796 --- [Review] [RMI TCP Connection(8)-127.0.0.1] o.a.c.c.C.[Tomcat].[localhost].[/]       : Initializing Spring DispatcherServlet 'dispatcherServlet'
2025-05-08T10:06:04.652+05:30  INFO 29796 --- [Review] [RMI TCP Connection(8)-127.0.0.1] o.s.web.servlet.DispatcherServlet        : Initializing Servlet 'dispatcherServlet'
2025-05-08T10:06:04.657+05:30  INFO 29796 --- [Review] [RMI TCP Connection(8)-127.0.0.1] o.s.web.servlet.DispatcherServlet        : Completed initialization in 4 ms
2025-05-08T10:06:19.374+05:30  WARN 29796 --- [Review] [http-nio-4002-exec-2] .m.m.a.ExceptionHandlerExceptionResolver : Resolved [org.springframework.transaction.TransactionSystemException: Could not commit JPA transaction]
2025-05-08T10:06:24.769+05:30  WARN 29796 --- [Review] [http-nio-4002-exec-3] .m.m.a.ExceptionHandlerExceptionResolver : Resolved [org.springframework.transaction.TransactionSystemException: Could not commit JPA transaction]
2025-05-08T10:07:04.736+05:30  INFO 29796 --- [Review] [http-nio-4002-exec-4] com.cts.service.ReviewServiceImpl        : New review is added
2025-05-08T10:07:15.909+05:30  INFO 29796 --- [Review] [http-nio-4002-exec-5] com.cts.service.ReviewServiceImpl        : New review is added
2025-05-08T10:07:46.894+05:30  WARN 29796 --- [Review] [http-nio-4002-exec-6] .m.m.a.ExceptionHandlerExceptionResolver : Resolved [org.springframework.transaction.TransactionSystemException: Could not commit JPA transaction]
2025-05-08T10:08:04.263+05:30  WARN 29796 --- [Review] [http-nio-4002-exec-7] .m.m.a.ExceptionHandlerExceptionResolver : Resolved [org.springframework.transaction.TransactionSystemException: Could not commit JPA transaction]
2025-05-08T10:08:53.972+05:30  INFO 29796 --- [Review] [File Watcher] rtingClassPathChangeChangedEventListener : Restarting due to 1 class path change (0 additions, 0 deletions, 1 modification)
2025-05-08T10:08:53.975+05:30  INFO 29796 --- [Review] [Thread-1] o.s.c.n.e.s.EurekaServiceRegistry        : Unregistering application REVIEW with eureka with status DOWN
2025-05-08T10:08:53.976+05:30  INFO 29796 --- [Review] [Thread-1] com.netflix.discovery.DiscoveryClient    : Saw local status change event StatusChangeEvent [timestamp=1746679133976, current=DOWN, previous=UP]
2025-05-08T10:08:53.976+05:30  INFO 29796 --- [Review] [DiscoveryClient-InstanceInfoReplicator-%d] com.netflix.discovery.DiscoveryClient    : DiscoveryClient_REVIEW/LTIN603872.cts.com:Review:4002: registering service...
2025-05-08T10:08:53.983+05:30  INFO 29796 --- [Review] [Thread-1] o.s.b.w.e.tomcat.GracefulShutdown        : Commencing graceful shutdown. Waiting for active requests to complete
2025-05-08T10:08:53.985+05:30  INFO 29796 --- [Review] [DiscoveryClient-InstanceInfoReplicator-%d] com.netflix.discovery.DiscoveryClient    : DiscoveryClient_REVIEW/LTIN603872.cts.com:Review:4002 - registration status: 204
2025-05-08T10:08:53.994+05:30  INFO 29796 --- [Review] [tomcat-shutdown] o.s.b.w.e.tomcat.GracefulShutdown        : Graceful shutdown complete
2025-05-08T10:08:54.005+05:30  INFO 29796 --- [Review] [Thread-1] j.LocalContainerEntityManagerFactoryBean : Closing JPA EntityManagerFactory for persistence unit 'default'
2025-05-08T10:08:54.008+05:30  INFO 29796 --- [Review] [Thread-1] com.zaxxer.hikari.HikariDataSource       : HikariPool-1 - Shutdown initiated...
2025-05-08T10:08:54.020+05:30  INFO 29796 --- [Review] [Thread-1] com.zaxxer.hikari.HikariDataSource       : HikariPool-1 - Shutdown completed.
2025-05-08T10:08:54.022+05:30  INFO 29796 --- [Review] [Thread-1] com.netflix.discovery.DiscoveryClient    : Shutting down DiscoveryClient ...
2025-05-08T10:08:57.026+05:30  INFO 29796 --- [Review] [Thread-1] com.netflix.discovery.DiscoveryClient    : Unregistering ...
2025-05-08T10:08:57.037+05:30  INFO 29796 --- [Review] [Thread-1] com.netflix.discovery.DiscoveryClient    : DiscoveryClient_REVIEW/LTIN603872.cts.com:Review:4002 - deregister  status: 200
2025-05-08T10:08:57.038+05:30  INFO 29796 --- [Review] [Thread-1] com.netflix.discovery.DiscoveryClient    : Completed shut down of DiscoveryClient
2025-05-08T10:08:58.326+05:30  INFO 29796 --- [Review] [restartedMain] com.cts.ReviewApplication                : Starting ReviewApplication using Java 21.0.6 with PID 29796 (C:\Users\2401069\git\TravelPackageBooking\Review\target\classes started by 2401069 in C:\Users\2401069\git\TravelPackageBooking\Review)
2025-05-08T10:08:58.326+05:30  INFO 29796 --- [Review] [restartedMain] com.cts.ReviewApplication                : No active profile set, falling back to 1 default profile: "default"
2025-05-08T10:08:58.328+05:30  INFO 29796 --- [Review] [restartedMain] o.s.c.c.c.ConfigServerConfigDataLoader   : Fetching config from server at : http://localhost:8888
2025-05-08T10:08:58.328+05:30  INFO 29796 --- [Review] [restartedMain] o.s.c.c.c.ConfigServerConfigDataLoader   : Located environment: name=Review, profiles=[default], label=null, version=767bc270dd63bcb8401aeccf5f8e6e9df6854b18, state=
2025-05-08T10:08:58.868+05:30  INFO 29796 --- [Review] [restartedMain] .s.d.r.c.RepositoryConfigurationDelegate : Bootstrapping Spring Data JPA repositories in DEFAULT mode.
2025-05-08T10:08:58.878+05:30  INFO 29796 --- [Review] [restartedMain] .s.d.r.c.RepositoryConfigurationDelegate : Finished Spring Data repository scanning in 8 ms. Found 1 JPA repository interface.
2025-05-08T10:08:58.995+05:30  INFO 29796 --- [Review] [restartedMain] o.s.cloud.context.scope.GenericScope     : BeanFactory id=538a1e00-2091-300e-aba0-23b4c1a249c5
2025-05-08T10:08:59.140+05:30  INFO 29796 --- [Review] [restartedMain] o.s.b.w.embedded.tomcat.TomcatWebServer  : Tomcat initialized with port 4002 (http)
2025-05-08T10:08:59.141+05:30  INFO 29796 --- [Review] [restartedMain] o.apache.catalina.core.StandardService   : Starting service [Tomcat]
2025-05-08T10:08:59.142+05:30  INFO 29796 --- [Review] [restartedMain] o.apache.catalina.core.StandardEngine    : Starting Servlet engine: [Apache Tomcat/10.1.40]
2025-05-08T10:08:59.183+05:30  INFO 29796 --- [Review] [restartedMain] o.a.c.c.C.[Tomcat].[localhost].[/]       : Initializing Spring embedded WebApplicationContext
2025-05-08T10:08:59.184+05:30  INFO 29796 --- [Review] [restartedMain] w.s.c.ServletWebServerApplicationContext : Root WebApplicationContext: initialization completed in 855 ms
2025-05-08T10:08:59.333+05:30  INFO 29796 --- [Review] [restartedMain] o.hibernate.jpa.internal.util.LogHelper  : HHH000204: Processing PersistenceUnitInfo [name: default]
2025-05-08T10:08:59.336+05:30  INFO 29796 --- [Review] [restartedMain] o.h.c.internal.RegionFactoryInitiator    : HHH000026: Second-level cache disabled
2025-05-08T10:08:59.342+05:30  INFO 29796 --- [Review] [restartedMain] o.s.o.j.p.SpringPersistenceUnitInfo      : No LoadTimeWeaver setup: ignoring JPA class transformer
2025-05-08T10:08:59.343+05:30  INFO 29796 --- [Review] [restartedMain] com.zaxxer.hikari.HikariDataSource       : HikariPool-2 - Starting...
2025-05-08T10:08:59.358+05:30  INFO 29796 --- [Review] [restartedMain] com.zaxxer.hikari.pool.HikariPool        : HikariPool-2 - Added connection com.mysql.cj.jdbc.ConnectionImpl@2a4db216
2025-05-08T10:08:59.359+05:30  INFO 29796 --- [Review] [restartedMain] com.zaxxer.hikari.HikariDataSource       : HikariPool-2 - Start completed.
2025-05-08T10:08:59.396+05:30  WARN 29796 --- [Review] [restartedMain] org.hibernate.orm.deprecation            : HHH90000025: MySQLDialect does not need to be specified explicitly using 'hibernate.dialect' (remove the property setting and it will be selected by default)
2025-05-08T10:08:59.397+05:30  INFO 29796 --- [Review] [restartedMain] org.hibernate.orm.connections.pooling    : HHH10001005: Database info:
	Database JDBC URL [Connecting through datasource 'HikariDataSource (HikariPool-2)']
	Database driver: undefined/unknown
	Database version: 8.0.41
	Autocommit mode: undefined/unknown
	Isolation level: undefined/unknown
	Minimum pool size: undefined/unknown
	Maximum pool size: undefined/unknown
2025-05-08T10:08:59.453+05:30  INFO 29796 --- [Review] [restartedMain] o.h.e.t.j.p.i.JtaPlatformInitiator       : HHH000489: No JTA platform available (set 'hibernate.transaction.jta.platform' to enable JTA platform integration)
2025-05-08T10:08:59.467+05:30  INFO 29796 --- [Review] [restartedMain] j.LocalContainerEntityManagerFactoryBean : Initialized JPA EntityManagerFactory for persistence unit 'default'
2025-05-08T10:08:59.596+05:30  WARN 29796 --- [Review] [restartedMain] JpaBaseConfiguration$JpaWebConfiguration : spring.jpa.open-in-view is enabled by default. Therefore, database queries may be performed during view rendering. Explicitly configure spring.jpa.open-in-view to disable this warning
2025-05-08T10:08:59.672+05:30  WARN 29796 --- [Review] [restartedMain] o.s.b.d.a.OptionalLiveReloadServer       : Unable to start LiveReload server
2025-05-08T10:08:59.700+05:30  INFO 29796 --- [Review] [restartedMain] o.s.c.openfeign.FeignClientFactoryBean   : For 'USERROLES' URL not provided. Will try picking an instance via load-balancing.
2025-05-08T10:09:00.183+05:30  INFO 29796 --- [Review] [restartedMain] .w.s.a.s.AnnotationActionEndpointMapping : Supporting [WS-Addressing August 2004, WS-Addressing 1.0]
2025-05-08T10:09:00.231+05:30  INFO 29796 --- [Review] [restartedMain] DiscoveryClientOptionalArgsConfiguration : Eureka HTTP Client uses RestTemplate.
2025-05-08T10:09:00.263+05:30  WARN 29796 --- [Review] [restartedMain] iguration$LoadBalancerCaffeineWarnLogger : Spring Cloud LoadBalancer is currently working with the default cache. While this cache implementation is useful for development and tests, it's recommended to use Caffeine cache in production.You can switch to using Caffeine cache, by adding it and org.springframework.cache.caffeine.CaffeineCacheManager to the classpath.
2025-05-08T10:09:00.274+05:30  INFO 29796 --- [Review] [restartedMain] o.s.b.a.e.web.EndpointLinksResolver      : Exposing 1 endpoint beneath base path '/actuator'
2025-05-08T10:09:00.310+05:30  INFO 29796 --- [Review] [restartedMain] o.s.c.n.eureka.InstanceInfoFactory       : Setting initial instance status as: STARTING
2025-05-08T10:09:00.313+05:30  INFO 29796 --- [Review] [restartedMain] com.netflix.discovery.DiscoveryClient    : Initializing Eureka in region us-east-1
2025-05-08T10:09:00.314+05:30  INFO 29796 --- [Review] [restartedMain] c.n.d.s.r.aws.ConfigClusterResolver      : Resolving eureka endpoints via configuration
2025-05-08T10:09:00.314+05:30  INFO 29796 --- [Review] [restartedMain] com.netflix.discovery.DiscoveryClient    : Disable delta property : false
2025-05-08T10:09:00.315+05:30  INFO 29796 --- [Review] [restartedMain] com.netflix.discovery.DiscoveryClient    : Single vip registry refresh property : null
2025-05-08T10:09:00.315+05:30  INFO 29796 --- [Review] [restartedMain] com.netflix.discovery.DiscoveryClient    : Force full registry fetch : false
2025-05-08T10:09:00.315+05:30  INFO 29796 --- [Review] [restartedMain] com.netflix.discovery.DiscoveryClient    : Application is null : false
2025-05-08T10:09:00.315+05:30  INFO 29796 --- [Review] [restartedMain] com.netflix.discovery.DiscoveryClient    : Registered Applications size is zero : true
2025-05-08T10:09:00.315+05:30  INFO 29796 --- [Review] [restartedMain] com.netflix.discovery.DiscoveryClient    : Application version is -1: true
2025-05-08T10:09:00.315+05:30  INFO 29796 --- [Review] [restartedMain] com.netflix.discovery.DiscoveryClient    : Getting all instance registry info from the eureka server
2025-05-08T10:09:00.350+05:30  INFO 29796 --- [Review] [restartedMain] com.netflix.discovery.DiscoveryClient    : The response status is 200
2025-05-08T10:09:00.351+05:30  INFO 29796 --- [Review] [restartedMain] com.netflix.discovery.DiscoveryClient    : Starting heartbeat executor: renew interval is: 30
2025-05-08T10:09:00.352+05:30  INFO 29796 --- [Review] [restartedMain] c.n.discovery.InstanceInfoReplicator     : InstanceInfoReplicator onDemand update allowed rate per min is 4
2025-05-08T10:09:00.352+05:30  INFO 29796 --- [Review] [restartedMain] com.netflix.discovery.DiscoveryClient    : Discovery Client initialized at timestamp 1746679140352 with initial instances count: 2
2025-05-08T10:09:00.356+05:30  INFO 29796 --- [Review] [restartedMain] o.s.c.n.e.s.EurekaServiceRegistry        : Registering application REVIEW with eureka with status UP
2025-05-08T10:09:00.357+05:30  INFO 29796 --- [Review] [restartedMain] com.netflix.discovery.DiscoveryClient    : Saw local status change event StatusChangeEvent [timestamp=1746679140357, current=UP, previous=STARTING]
2025-05-08T10:09:00.357+05:30  INFO 29796 --- [Review] [DiscoveryClient-InstanceInfoReplicator-%d] com.netflix.discovery.DiscoveryClient    : DiscoveryClient_REVIEW/LTIN603872.cts.com:Review:4002: registering service...
2025-05-08T10:09:00.362+05:30  INFO 29796 --- [Review] [restartedMain] o.s.b.w.embedded.tomcat.TomcatWebServer  : Tomcat started on port 4002 (http) with context path '/'
2025-05-08T10:09:00.363+05:30  INFO 29796 --- [Review] [restartedMain] .s.c.n.e.s.EurekaAutoServiceRegistration : Updating port to 4002
2025-05-08T10:09:00.372+05:30  INFO 29796 --- [Review] [DiscoveryClient-InstanceInfoReplicator-%d] com.netflix.discovery.DiscoveryClient    : DiscoveryClient_REVIEW/LTIN603872.cts.com:Review:4002 - registration status: 204
2025-05-08T10:09:00.380+05:30  INFO 29796 --- [Review] [restartedMain] com.cts.ReviewApplication                : Started ReviewApplication in 3.231 seconds (process running for 186.397)
2025-05-08T10:09:00.382+05:30  INFO 29796 --- [Review] [restartedMain] .ConditionEvaluationDeltaLoggingListener : Condition evaluation unchanged
2025-05-08T10:09:23.969+05:30  INFO 29796 --- [Review] [http-nio-4002-exec-2] o.a.c.c.C.[Tomcat].[localhost].[/]       : Initializing Spring DispatcherServlet 'dispatcherServlet'
2025-05-08T10:09:23.970+05:30  INFO 29796 --- [Review] [http-nio-4002-exec-2] o.s.web.servlet.DispatcherServlet        : Initializing Servlet 'dispatcherServlet'
2025-05-08T10:09:23.971+05:30  INFO 29796 --- [Review] [http-nio-4002-exec-2] o.s.web.servlet.DispatcherServlet        : Completed initialization in 1 ms
2025-05-08T10:09:24.010+05:30  WARN 29796 --- [Review] [http-nio-4002-exec-2] .m.m.a.ExceptionHandlerExceptionResolver : Resolved [org.springframework.transaction.TransactionSystemException: Could not commit JPA transaction]
2025-05-08T10:10:20.081+05:30  INFO 29796 --- [Review] [http-nio-4002-exec-3] com.cts.service.ReviewServiceImpl        : New review is added
2025-05-08T10:10:36.863+05:30  INFO 29796 --- [Review] [http-nio-4002-exec-5] com.cts.service.ReviewServiceImpl        : A review is deleted
2025-05-08T10:10:40.255+05:30  INFO 29796 --- [Review] [http-nio-4002-exec-6] com.cts.service.ReviewServiceImpl        : A review is deleted
2025-05-08T10:10:44.098+05:30  INFO 29796 --- [Review] [http-nio-4002-exec-7] com.cts.service.ReviewServiceImpl        : A review is deleted
2025-05-08T10:12:44.339+05:30  INFO 29796 --- [Review] [File Watcher] rtingClassPathChangeChangedEventListener : Restarting due to 1 class path change (0 additions, 0 deletions, 1 modification)
2025-05-08T10:12:44.339+05:30  INFO 29796 --- [Review] [Thread-7] o.s.c.n.e.s.EurekaServiceRegistry        : Unregistering application REVIEW with eureka with status DOWN
2025-05-08T10:12:44.339+05:30  INFO 29796 --- [Review] [Thread-7] com.netflix.discovery.DiscoveryClient    : Saw local status change event StatusChangeEvent [timestamp=1746679364339, current=DOWN, previous=UP]
2025-05-08T10:12:44.339+05:30  INFO 29796 --- [Review] [DiscoveryClient-InstanceInfoReplicator-%d] com.netflix.discovery.DiscoveryClient    : DiscoveryClient_REVIEW/LTIN603872.cts.com:Review:4002: registering service...
2025-05-08T10:12:44.341+05:30  INFO 29796 --- [Review] [Thread-7] o.s.b.w.e.tomcat.GracefulShutdown        : Commencing graceful shutdown. Waiting for active requests to complete
2025-05-08T10:12:44.345+05:30  INFO 29796 --- [Review] [tomcat-shutdown] o.s.b.w.e.tomcat.GracefulShutdown        : Graceful shutdown complete
2025-05-08T10:12:44.350+05:30  INFO 29796 --- [Review] [Thread-7] j.LocalContainerEntityManagerFactoryBean : Closing JPA EntityManagerFactory for persistence unit 'default'
2025-05-08T10:12:44.351+05:30  INFO 29796 --- [Review] [Thread-7] com.zaxxer.hikari.HikariDataSource       : HikariPool-2 - Shutdown initiated...
2025-05-08T10:12:44.354+05:30  INFO 29796 --- [Review] [DiscoveryClient-InstanceInfoReplicator-%d] com.netflix.discovery.DiscoveryClient    : DiscoveryClient_REVIEW/LTIN603872.cts.com:Review:4002 - registration status: 204
2025-05-08T10:12:44.357+05:30  INFO 29796 --- [Review] [Thread-7] com.zaxxer.hikari.HikariDataSource       : HikariPool-2 - Shutdown completed.
2025-05-08T10:12:44.357+05:30  INFO 29796 --- [Review] [Thread-7] com.netflix.discovery.DiscoveryClient    : Shutting down DiscoveryClient ...
2025-05-08T10:12:47.364+05:30  INFO 29796 --- [Review] [Thread-7] com.netflix.discovery.DiscoveryClient    : Unregistering ...
2025-05-08T10:12:47.382+05:30  INFO 29796 --- [Review] [Thread-7] com.netflix.discovery.DiscoveryClient    : DiscoveryClient_REVIEW/LTIN603872.cts.com:Review:4002 - deregister  status: 200
2025-05-08T10:12:47.382+05:30  INFO 29796 --- [Review] [Thread-7] com.netflix.discovery.DiscoveryClient    : Completed shut down of DiscoveryClient
2025-05-08T10:12:48.308+05:30  INFO 29796 --- [Review] [restartedMain] com.cts.ReviewApplication                : Starting ReviewApplication using Java 21.0.6 with PID 29796 (C:\Users\2401069\git\TravelPackageBooking\Review\target\classes started by 2401069 in C:\Users\2401069\git\TravelPackageBooking\Review)
2025-05-08T10:12:48.309+05:30  INFO 29796 --- [Review] [restartedMain] com.cts.ReviewApplication                : No active profile set, falling back to 1 default profile: "default"
2025-05-08T10:12:48.310+05:30  INFO 29796 --- [Review] [restartedMain] o.s.c.c.c.ConfigServerConfigDataLoader   : Fetching config from server at : http://localhost:8888
2025-05-08T10:12:48.311+05:30  INFO 29796 --- [Review] [restartedMain] o.s.c.c.c.ConfigServerConfigDataLoader   : Located environment: name=Review, profiles=[default], label=null, version=767bc270dd63bcb8401aeccf5f8e6e9df6854b18, state=
2025-05-08T10:12:48.578+05:30  INFO 29796 --- [Review] [restartedMain] .s.d.r.c.RepositoryConfigurationDelegate : Bootstrapping Spring Data JPA repositories in DEFAULT mode.
2025-05-08T10:12:48.588+05:30  INFO 29796 --- [Review] [restartedMain] .s.d.r.c.RepositoryConfigurationDelegate : Finished Spring Data repository scanning in 8 ms. Found 1 JPA repository interface.
2025-05-08T10:12:48.654+05:30  INFO 29796 --- [Review] [restartedMain] o.s.cloud.context.scope.GenericScope     : BeanFactory id=538a1e00-2091-300e-aba0-23b4c1a249c5
2025-05-08T10:12:48.755+05:30  INFO 29796 --- [Review] [restartedMain] o.s.b.w.embedded.tomcat.TomcatWebServer  : Tomcat initialized with port 4002 (http)
2025-05-08T10:12:48.756+05:30  INFO 29796 --- [Review] [restartedMain] o.apache.catalina.core.StandardService   : Starting service [Tomcat]
2025-05-08T10:12:48.756+05:30  INFO 29796 --- [Review] [restartedMain] o.apache.catalina.core.StandardEngine    : Starting Servlet engine: [Apache Tomcat/10.1.40]
2025-05-08T10:12:48.794+05:30  INFO 29796 --- [Review] [restartedMain] o.a.c.c.C.[Tomcat].[localhost].[/]       : Initializing Spring embedded WebApplicationContext
2025-05-08T10:12:48.794+05:30  INFO 29796 --- [Review] [restartedMain] w.s.c.ServletWebServerApplicationContext : Root WebApplicationContext: initialization completed in 483 ms
2025-05-08T10:12:48.903+05:30  INFO 29796 --- [Review] [restartedMain] o.hibernate.jpa.internal.util.LogHelper  : HHH000204: Processing PersistenceUnitInfo [name: default]
2025-05-08T10:12:48.905+05:30  INFO 29796 --- [Review] [restartedMain] o.h.c.internal.RegionFactoryInitiator    : HHH000026: Second-level cache disabled
2025-05-08T10:12:48.914+05:30  INFO 29796 --- [Review] [restartedMain] o.s.o.j.p.SpringPersistenceUnitInfo      : No LoadTimeWeaver setup: ignoring JPA class transformer
2025-05-08T10:12:48.915+05:30  INFO 29796 --- [Review] [restartedMain] com.zaxxer.hikari.HikariDataSource       : HikariPool-3 - Starting...
2025-05-08T10:12:48.931+05:30  INFO 29796 --- [Review] [restartedMain] com.zaxxer.hikari.pool.HikariPool        : HikariPool-3 - Added connection com.mysql.cj.jdbc.ConnectionImpl@29e1f179
2025-05-08T10:12:48.932+05:30  INFO 29796 --- [Review] [restartedMain] com.zaxxer.hikari.HikariDataSource       : HikariPool-3 - Start completed.
2025-05-08T10:12:48.935+05:30  WARN 29796 --- [Review] [restartedMain] org.hibernate.orm.deprecation            : HHH90000025: MySQLDialect does not need to be specified explicitly using 'hibernate.dialect' (remove the property setting and it will be selected by default)
2025-05-08T10:12:48.935+05:30  INFO 29796 --- [Review] [restartedMain] org.hibernate.orm.connections.pooling    : HHH10001005: Database info:
	Database JDBC URL [Connecting through datasource 'HikariDataSource (HikariPool-3)']
	Database driver: undefined/unknown
	Database version: 8.0.41
	Autocommit mode: undefined/unknown
	Isolation level: undefined/unknown
	Minimum pool size: undefined/unknown
	Maximum pool size: undefined/unknown
2025-05-08T10:12:48.970+05:30  INFO 29796 --- [Review] [restartedMain] o.h.e.t.j.p.i.JtaPlatformInitiator       : HHH000489: No JTA platform available (set 'hibernate.transaction.jta.platform' to enable JTA platform integration)
2025-05-08T10:12:48.978+05:30  INFO 29796 --- [Review] [restartedMain] j.LocalContainerEntityManagerFactoryBean : Initialized JPA EntityManagerFactory for persistence unit 'default'
2025-05-08T10:12:49.066+05:30  WARN 29796 --- [Review] [restartedMain] JpaBaseConfiguration$JpaWebConfiguration : spring.jpa.open-in-view is enabled by default. Therefore, database queries may be performed during view rendering. Explicitly configure spring.jpa.open-in-view to disable this warning
2025-05-08T10:12:49.102+05:30  WARN 29796 --- [Review] [restartedMain] o.s.b.d.a.OptionalLiveReloadServer       : Unable to start LiveReload server
2025-05-08T10:12:49.124+05:30  INFO 29796 --- [Review] [restartedMain] o.s.c.openfeign.FeignClientFactoryBean   : For 'USERROLES' URL not provided. Will try picking an instance via load-balancing.
2025-05-08T10:12:49.491+05:30  INFO 29796 --- [Review] [restartedMain] .w.s.a.s.AnnotationActionEndpointMapping : Supporting [WS-Addressing August 2004, WS-Addressing 1.0]
2025-05-08T10:12:49.535+05:30  INFO 29796 --- [Review] [restartedMain] DiscoveryClientOptionalArgsConfiguration : Eureka HTTP Client uses RestTemplate.
2025-05-08T10:12:49.557+05:30  WARN 29796 --- [Review] [restartedMain] iguration$LoadBalancerCaffeineWarnLogger : Spring Cloud LoadBalancer is currently working with the default cache. While this cache implementation is useful for development and tests, it's recommended to use Caffeine cache in production.You can switch to using Caffeine cache, by adding it and org.springframework.cache.caffeine.CaffeineCacheManager to the classpath.
2025-05-08T10:12:49.566+05:30  INFO 29796 --- [Review] [restartedMain] o.s.b.a.e.web.EndpointLinksResolver      : Exposing 1 endpoint beneath base path '/actuator'
2025-05-08T10:12:49.592+05:30  INFO 29796 --- [Review] [restartedMain] o.s.c.n.eureka.InstanceInfoFactory       : Setting initial instance status as: STARTING
2025-05-08T10:12:49.594+05:30  INFO 29796 --- [Review] [restartedMain] com.netflix.discovery.DiscoveryClient    : Initializing Eureka in region us-east-1
2025-05-08T10:12:49.594+05:30  INFO 29796 --- [Review] [restartedMain] c.n.d.s.r.aws.ConfigClusterResolver      : Resolving eureka endpoints via configuration
2025-05-08T10:12:49.594+05:30  INFO 29796 --- [Review] [restartedMain] com.netflix.discovery.DiscoveryClient    : Disable delta property : false
2025-05-08T10:12:49.594+05:30  INFO 29796 --- [Review] [restartedMain] com.netflix.discovery.DiscoveryClient    : Single vip registry refresh property : null
2025-05-08T10:12:49.594+05:30  INFO 29796 --- [Review] [restartedMain] com.netflix.discovery.DiscoveryClient    : Force full registry fetch : false
2025-05-08T10:12:49.594+05:30  INFO 29796 --- [Review] [restartedMain] com.netflix.discovery.DiscoveryClient    : Application is null : false
2025-05-08T10:12:49.594+05:30  INFO 29796 --- [Review] [restartedMain] com.netflix.discovery.DiscoveryClient    : Registered Applications size is zero : true
2025-05-08T10:12:49.594+05:30  INFO 29796 --- [Review] [restartedMain] com.netflix.discovery.DiscoveryClient    : Application version is -1: true
2025-05-08T10:12:49.594+05:30  INFO 29796 --- [Review] [restartedMain] com.netflix.discovery.DiscoveryClient    : Getting all instance registry info from the eureka server
2025-05-08T10:12:49.620+05:30  INFO 29796 --- [Review] [restartedMain] com.netflix.discovery.DiscoveryClient    : The response status is 200
2025-05-08T10:12:49.621+05:30  INFO 29796 --- [Review] [restartedMain] com.netflix.discovery.DiscoveryClient    : Starting heartbeat executor: renew interval is: 30
2025-05-08T10:12:49.621+05:30  INFO 29796 --- [Review] [restartedMain] c.n.discovery.InstanceInfoReplicator     : InstanceInfoReplicator onDemand update allowed rate per min is 4
2025-05-08T10:12:49.621+05:30  INFO 29796 --- [Review] [restartedMain] com.netflix.discovery.DiscoveryClient    : Discovery Client initialized at timestamp 1746679369621 with initial instances count: 3
2025-05-08T10:12:49.625+05:30  INFO 29796 --- [Review] [restartedMain] o.s.c.n.e.s.EurekaServiceRegistry        : Registering application REVIEW with eureka with status UP
2025-05-08T10:12:49.626+05:30  INFO 29796 --- [Review] [restartedMain] com.netflix.discovery.DiscoveryClient    : Saw local status change event StatusChangeEvent [timestamp=1746679369626, current=UP, previous=STARTING]
2025-05-08T10:12:49.626+05:30  INFO 29796 --- [Review] [DiscoveryClient-InstanceInfoReplicator-%d] com.netflix.discovery.DiscoveryClient    : DiscoveryClient_REVIEW/LTIN603872.cts.com:Review:4002: registering service...
2025-05-08T10:12:49.629+05:30  INFO 29796 --- [Review] [restartedMain] o.s.b.w.embedded.tomcat.TomcatWebServer  : Tomcat started on port 4002 (http) with context path '/'
2025-05-08T10:12:49.629+05:30  INFO 29796 --- [Review] [restartedMain] .s.c.n.e.s.EurekaAutoServiceRegistration : Updating port to 4002
2025-05-08T10:12:49.639+05:30  INFO 29796 --- [Review] [DiscoveryClient-InstanceInfoReplicator-%d] com.netflix.discovery.DiscoveryClient    : DiscoveryClient_REVIEW/LTIN603872.cts.com:Review:4002 - registration status: 204
2025-05-08T10:12:49.644+05:30  INFO 29796 --- [Review] [restartedMain] com.cts.ReviewApplication                : Started ReviewApplication in 2.198 seconds (process running for 415.661)
2025-05-08T10:12:49.645+05:30  INFO 29796 --- [Review] [restartedMain] .ConditionEvaluationDeltaLoggingListener : Condition evaluation unchanged
2025-05-08T10:14:05.939+05:30  INFO 29796 --- [Review] [File Watcher] rtingClassPathChangeChangedEventListener : Restarting due to 1 class path change (0 additions, 0 deletions, 1 modification)
2025-05-08T10:14:05.940+05:30  INFO 29796 --- [Review] [Thread-13] o.s.c.n.e.s.EurekaServiceRegistry        : Unregistering application REVIEW with eureka with status DOWN
2025-05-08T10:14:05.941+05:30  INFO 29796 --- [Review] [Thread-13] com.netflix.discovery.DiscoveryClient    : Saw local status change event StatusChangeEvent [timestamp=1746679445941, current=DOWN, previous=UP]
2025-05-08T10:14:05.941+05:30  INFO 29796 --- [Review] [DiscoveryClient-InstanceInfoReplicator-%d] com.netflix.discovery.DiscoveryClient    : DiscoveryClient_REVIEW/LTIN603872.cts.com:Review:4002: registering service...
2025-05-08T10:14:05.942+05:30  INFO 29796 --- [Review] [Thread-13] o.s.b.w.e.tomcat.GracefulShutdown        : Commencing graceful shutdown. Waiting for active requests to complete
2025-05-08T10:14:05.948+05:30  INFO 29796 --- [Review] [tomcat-shutdown] o.s.b.w.e.tomcat.GracefulShutdown        : Graceful shutdown complete
2025-05-08T10:14:05.951+05:30  INFO 29796 --- [Review] [DiscoveryClient-InstanceInfoReplicator-%d] com.netflix.discovery.DiscoveryClient    : DiscoveryClient_REVIEW/LTIN603872.cts.com:Review:4002 - registration status: 204
2025-05-08T10:14:05.954+05:30  INFO 29796 --- [Review] [Thread-13] j.LocalContainerEntityManagerFactoryBean : Closing JPA EntityManagerFactory for persistence unit 'default'
2025-05-08T10:14:05.955+05:30  INFO 29796 --- [Review] [Thread-13] com.zaxxer.hikari.HikariDataSource       : HikariPool-3 - Shutdown initiated...
2025-05-08T10:14:05.960+05:30  INFO 29796 --- [Review] [Thread-13] com.zaxxer.hikari.HikariDataSource       : HikariPool-3 - Shutdown completed.
2025-05-08T10:14:05.961+05:30  INFO 29796 --- [Review] [Thread-13] com.netflix.discovery.DiscoveryClient    : Shutting down DiscoveryClient ...
2025-05-08T10:14:08.963+05:30  INFO 29796 --- [Review] [Thread-13] com.netflix.discovery.DiscoveryClient    : Unregistering ...
2025-05-08T10:14:08.982+05:30  INFO 29796 --- [Review] [Thread-13] com.netflix.discovery.DiscoveryClient    : DiscoveryClient_REVIEW/LTIN603872.cts.com:Review:4002 - deregister  status: 200
2025-05-08T10:14:08.983+05:30  INFO 29796 --- [Review] [Thread-13] com.netflix.discovery.DiscoveryClient    : Completed shut down of DiscoveryClient
2025-05-08T10:14:09.976+05:30  INFO 29796 --- [Review] [restartedMain] com.cts.ReviewApplication                : Starting ReviewApplication using Java 21.0.6 with PID 29796 (C:\Users\2401069\git\TravelPackageBooking\Review\target\classes started by 2401069 in C:\Users\2401069\git\TravelPackageBooking\Review)
2025-05-08T10:14:09.976+05:30  INFO 29796 --- [Review] [restartedMain] com.cts.ReviewApplication                : No active profile set, falling back to 1 default profile: "default"
2025-05-08T10:14:09.978+05:30  INFO 29796 --- [Review] [restartedMain] o.s.c.c.c.ConfigServerConfigDataLoader   : Fetching config from server at : http://localhost:8888
2025-05-08T10:14:09.978+05:30  INFO 29796 --- [Review] [restartedMain] o.s.c.c.c.ConfigServerConfigDataLoader   : Located environment: name=Review, profiles=[default], label=null, version=767bc270dd63bcb8401aeccf5f8e6e9df6854b18, state=
2025-05-08T10:14:10.274+05:30  INFO 29796 --- [Review] [restartedMain] .s.d.r.c.RepositoryConfigurationDelegate : Bootstrapping Spring Data JPA repositories in DEFAULT mode.
2025-05-08T10:14:10.285+05:30  INFO 29796 --- [Review] [restartedMain] .s.d.r.c.RepositoryConfigurationDelegate : Finished Spring Data repository scanning in 9 ms. Found 1 JPA repository interface.
2025-05-08T10:14:10.352+05:30  INFO 29796 --- [Review] [restartedMain] o.s.cloud.context.scope.GenericScope     : BeanFactory id=538a1e00-2091-300e-aba0-23b4c1a249c5
2025-05-08T10:14:10.453+05:30  INFO 29796 --- [Review] [restartedMain] o.s.b.w.embedded.tomcat.TomcatWebServer  : Tomcat initialized with port 4002 (http)
2025-05-08T10:14:10.453+05:30  INFO 29796 --- [Review] [restartedMain] o.apache.catalina.core.StandardService   : Starting service [Tomcat]
2025-05-08T10:14:10.454+05:30  INFO 29796 --- [Review] [restartedMain] o.apache.catalina.core.StandardEngine    : Starting Servlet engine: [Apache Tomcat/10.1.40]
2025-05-08T10:14:10.487+05:30  INFO 29796 --- [Review] [restartedMain] o.a.c.c.C.[Tomcat].[localhost].[/]       : Initializing Spring embedded WebApplicationContext
2025-05-08T10:14:10.487+05:30  INFO 29796 --- [Review] [restartedMain] w.s.c.ServletWebServerApplicationContext : Root WebApplicationContext: initialization completed in 509 ms
2025-05-08T10:14:10.595+05:30  INFO 29796 --- [Review] [restartedMain] o.hibernate.jpa.internal.util.LogHelper  : HHH000204: Processing PersistenceUnitInfo [name: default]
2025-05-08T10:14:10.597+05:30  INFO 29796 --- [Review] [restartedMain] o.h.c.internal.RegionFactoryInitiator    : HHH000026: Second-level cache disabled
2025-05-08T10:14:10.604+05:30  INFO 29796 --- [Review] [restartedMain] o.s.o.j.p.SpringPersistenceUnitInfo      : No LoadTimeWeaver setup: ignoring JPA class transformer
2025-05-08T10:14:10.605+05:30  INFO 29796 --- [Review] [restartedMain] com.zaxxer.hikari.HikariDataSource       : HikariPool-4 - Starting...
2025-05-08T10:14:10.618+05:30  INFO 29796 --- [Review] [restartedMain] com.zaxxer.hikari.pool.HikariPool        : HikariPool-4 - Added connection com.mysql.cj.jdbc.ConnectionImpl@49b7101d
2025-05-08T10:14:10.618+05:30  INFO 29796 --- [Review] [restartedMain] com.zaxxer.hikari.HikariDataSource       : HikariPool-4 - Start completed.
2025-05-08T10:14:10.655+05:30  WARN 29796 --- [Review] [restartedMain] org.hibernate.orm.deprecation            : HHH90000025: MySQLDialect does not need to be specified explicitly using 'hibernate.dialect' (remove the property setting and it will be selected by default)
2025-05-08T10:14:10.655+05:30  INFO 29796 --- [Review] [restartedMain] org.hibernate.orm.connections.pooling    : HHH10001005: Database info:
	Database JDBC URL [Connecting through datasource 'HikariDataSource (HikariPool-4)']
	Database driver: undefined/unknown
	Database version: 8.0.41
	Autocommit mode: undefined/unknown
	Isolation level: undefined/unknown
	Minimum pool size: undefined/unknown
	Maximum pool size: undefined/unknown
2025-05-08T10:14:10.701+05:30  INFO 29796 --- [Review] [restartedMain] o.h.e.t.j.p.i.JtaPlatformInitiator       : HHH000489: No JTA platform available (set 'hibernate.transaction.jta.platform' to enable JTA platform integration)
2025-05-08T10:14:10.712+05:30  INFO 29796 --- [Review] [restartedMain] j.LocalContainerEntityManagerFactoryBean : Initialized JPA EntityManagerFactory for persistence unit 'default'
2025-05-08T10:14:10.802+05:30  WARN 29796 --- [Review] [restartedMain] JpaBaseConfiguration$JpaWebConfiguration : spring.jpa.open-in-view is enabled by default. Therefore, database queries may be performed during view rendering. Explicitly configure spring.jpa.open-in-view to disable this warning
2025-05-08T10:14:10.843+05:30  WARN 29796 --- [Review] [restartedMain] o.s.b.d.a.OptionalLiveReloadServer       : Unable to start LiveReload server
2025-05-08T10:14:10.864+05:30  INFO 29796 --- [Review] [restartedMain] o.s.c.openfeign.FeignClientFactoryBean   : For 'USERROLES' URL not provided. Will try picking an instance via load-balancing.
2025-05-08T10:14:11.216+05:30  INFO 29796 --- [Review] [restartedMain] .w.s.a.s.AnnotationActionEndpointMapping : Supporting [WS-Addressing August 2004, WS-Addressing 1.0]
2025-05-08T10:14:11.251+05:30  INFO 29796 --- [Review] [restartedMain] DiscoveryClientOptionalArgsConfiguration : Eureka HTTP Client uses RestTemplate.
2025-05-08T10:14:11.279+05:30  WARN 29796 --- [Review] [restartedMain] iguration$LoadBalancerCaffeineWarnLogger : Spring Cloud LoadBalancer is currently working with the default cache. While this cache implementation is useful for development and tests, it's recommended to use Caffeine cache in production.You can switch to using Caffeine cache, by adding it and org.springframework.cache.caffeine.CaffeineCacheManager to the classpath.
2025-05-08T10:14:11.288+05:30  INFO 29796 --- [Review] [restartedMain] o.s.b.a.e.web.EndpointLinksResolver      : Exposing 1 endpoint beneath base path '/actuator'
2025-05-08T10:14:11.322+05:30  INFO 29796 --- [Review] [restartedMain] o.s.c.n.eureka.InstanceInfoFactory       : Setting initial instance status as: STARTING
2025-05-08T10:14:11.325+05:30  INFO 29796 --- [Review] [restartedMain] com.netflix.discovery.DiscoveryClient    : Initializing Eureka in region us-east-1
2025-05-08T10:14:11.325+05:30  INFO 29796 --- [Review] [restartedMain] c.n.d.s.r.aws.ConfigClusterResolver      : Resolving eureka endpoints via configuration
2025-05-08T10:14:11.325+05:30  INFO 29796 --- [Review] [restartedMain] com.netflix.discovery.DiscoveryClient    : Disable delta property : false
2025-05-08T10:14:11.325+05:30  INFO 29796 --- [Review] [restartedMain] com.netflix.discovery.DiscoveryClient    : Single vip registry refresh property : null
2025-05-08T10:14:11.325+05:30  INFO 29796 --- [Review] [restartedMain] com.netflix.discovery.DiscoveryClient    : Force full registry fetch : false
2025-05-08T10:14:11.325+05:30  INFO 29796 --- [Review] [restartedMain] com.netflix.discovery.DiscoveryClient    : Application is null : false
2025-05-08T10:14:11.325+05:30  INFO 29796 --- [Review] [restartedMain] com.netflix.discovery.DiscoveryClient    : Registered Applications size is zero : true
2025-05-08T10:14:11.325+05:30  INFO 29796 --- [Review] [restartedMain] com.netflix.discovery.DiscoveryClient    : Application version is -1: true
2025-05-08T10:14:11.325+05:30  INFO 29796 --- [Review] [restartedMain] com.netflix.discovery.DiscoveryClient    : Getting all instance registry info from the eureka server
2025-05-08T10:14:11.344+05:30  INFO 29796 --- [Review] [restartedMain] com.netflix.discovery.DiscoveryClient    : The response status is 200
2025-05-08T10:14:11.345+05:30  INFO 29796 --- [Review] [restartedMain] com.netflix.discovery.DiscoveryClient    : Starting heartbeat executor: renew interval is: 30
2025-05-08T10:14:11.345+05:30  INFO 29796 --- [Review] [restartedMain] c.n.discovery.InstanceInfoReplicator     : InstanceInfoReplicator onDemand update allowed rate per min is 4
2025-05-08T10:14:11.345+05:30  INFO 29796 --- [Review] [restartedMain] com.netflix.discovery.DiscoveryClient    : Discovery Client initialized at timestamp 1746679451345 with initial instances count: 3
2025-05-08T10:14:11.351+05:30  INFO 29796 --- [Review] [restartedMain] o.s.c.n.e.s.EurekaServiceRegistry        : Registering application REVIEW with eureka with status UP
2025-05-08T10:14:11.351+05:30  INFO 29796 --- [Review] [restartedMain] com.netflix.discovery.DiscoveryClient    : Saw local status change event StatusChangeEvent [timestamp=1746679451351, current=UP, previous=STARTING]
2025-05-08T10:14:11.352+05:30  INFO 29796 --- [Review] [DiscoveryClient-InstanceInfoReplicator-%d] com.netflix.discovery.DiscoveryClient    : DiscoveryClient_REVIEW/LTIN603872.cts.com:Review:4002: registering service...
2025-05-08T10:14:11.356+05:30  INFO 29796 --- [Review] [restartedMain] o.s.b.w.embedded.tomcat.TomcatWebServer  : Tomcat started on port 4002 (http) with context path '/'
2025-05-08T10:14:11.356+05:30  INFO 29796 --- [Review] [restartedMain] .s.c.n.e.s.EurekaAutoServiceRegistration : Updating port to 4002
2025-05-08T10:14:11.366+05:30  INFO 29796 --- [Review] [DiscoveryClient-InstanceInfoReplicator-%d] com.netflix.discovery.DiscoveryClient    : DiscoveryClient_REVIEW/LTIN603872.cts.com:Review:4002 - registration status: 204
2025-05-08T10:14:11.371+05:30  INFO 29796 --- [Review] [restartedMain] com.cts.ReviewApplication                : Started ReviewApplication in 2.325 seconds (process running for 497.388)
2025-05-08T10:14:11.373+05:30  INFO 29796 --- [Review] [restartedMain] .ConditionEvaluationDeltaLoggingListener : Condition evaluation unchanged
2025-05-08T10:14:18.832+05:30  INFO 29796 --- [Review] [http-nio-4002-exec-2] o.a.c.c.C.[Tomcat].[localhost].[/]       : Initializing Spring DispatcherServlet 'dispatcherServlet'
2025-05-08T10:14:18.832+05:30  INFO 29796 --- [Review] [http-nio-4002-exec-2] o.s.web.servlet.DispatcherServlet        : Initializing Servlet 'dispatcherServlet'
2025-05-08T10:14:18.840+05:30  INFO 29796 --- [Review] [http-nio-4002-exec-2] o.s.web.servlet.DispatcherServlet        : Completed initialization in 8 ms
2025-05-08T10:14:18.945+05:30  WARN 29796 --- [Review] [http-nio-4002-exec-2] .m.m.a.ExceptionHandlerExceptionResolver : Resolved [org.springframework.transaction.TransactionSystemException: Could not commit JPA transaction]
2025-05-08T10:15:40.417+05:30  INFO 29796 --- [Review] [File Watcher] rtingClassPathChangeChangedEventListener : Restarting due to 1 class path change (0 additions, 0 deletions, 1 modification)
2025-05-08T10:15:40.418+05:30  INFO 29796 --- [Review] [Thread-19] o.s.c.n.e.s.EurekaServiceRegistry        : Unregistering application REVIEW with eureka with status DOWN
2025-05-08T10:15:40.418+05:30  INFO 29796 --- [Review] [Thread-19] com.netflix.discovery.DiscoveryClient    : Saw local status change event StatusChangeEvent [timestamp=1746679540418, current=DOWN, previous=UP]
2025-05-08T10:15:40.418+05:30  INFO 29796 --- [Review] [DiscoveryClient-InstanceInfoReplicator-%d] com.netflix.discovery.DiscoveryClient    : DiscoveryClient_REVIEW/LTIN603872.cts.com:Review:4002: registering service...
2025-05-08T10:15:40.419+05:30  INFO 29796 --- [Review] [Thread-19] o.s.b.w.e.tomcat.GracefulShutdown        : Commencing graceful shutdown. Waiting for active requests to complete
2025-05-08T10:15:40.422+05:30  INFO 29796 --- [Review] [tomcat-shutdown] o.s.b.w.e.tomcat.GracefulShutdown        : Graceful shutdown complete
2025-05-08T10:15:40.426+05:30  INFO 29796 --- [Review] [Thread-19] j.LocalContainerEntityManagerFactoryBean : Closing JPA EntityManagerFactory for persistence unit 'default'
2025-05-08T10:15:40.427+05:30  INFO 29796 --- [Review] [Thread-19] com.zaxxer.hikari.HikariDataSource       : HikariPool-4 - Shutdown initiated...
2025-05-08T10:15:40.433+05:30  INFO 29796 --- [Review] [DiscoveryClient-InstanceInfoReplicator-%d] com.netflix.discovery.DiscoveryClient    : DiscoveryClient_REVIEW/LTIN603872.cts.com:Review:4002 - registration status: 204
2025-05-08T10:15:40.436+05:30  INFO 29796 --- [Review] [Thread-19] com.zaxxer.hikari.HikariDataSource       : HikariPool-4 - Shutdown completed.
2025-05-08T10:15:40.437+05:30  INFO 29796 --- [Review] [Thread-19] com.netflix.discovery.DiscoveryClient    : Shutting down DiscoveryClient ...
2025-05-08T10:15:43.439+05:30  INFO 29796 --- [Review] [Thread-19] com.netflix.discovery.DiscoveryClient    : Unregistering ...
2025-05-08T10:15:43.439+05:30  WARN 29796 --- [Review] [DiscoveryClient-%d] c.netflix.discovery.TimedSupervisorTask  : task supervisor shutting down, can't accept the task
2025-05-08T10:15:43.458+05:30  INFO 29796 --- [Review] [Thread-19] com.netflix.discovery.DiscoveryClient    : DiscoveryClient_REVIEW/LTIN603872.cts.com:Review:4002 - deregister  status: 200
2025-05-08T10:15:43.458+05:30  INFO 29796 --- [Review] [Thread-19] com.netflix.discovery.DiscoveryClient    : Completed shut down of DiscoveryClient
2025-05-08T10:15:44.468+05:30  INFO 29796 --- [Review] [restartedMain] com.cts.ReviewApplication                : Starting ReviewApplication using Java 21.0.6 with PID 29796 (C:\Users\2401069\git\TravelPackageBooking\Review\target\classes started by 2401069 in C:\Users\2401069\git\TravelPackageBooking\Review)
2025-05-08T10:15:44.468+05:30  INFO 29796 --- [Review] [restartedMain] com.cts.ReviewApplication                : No active profile set, falling back to 1 default profile: "default"
2025-05-08T10:15:44.471+05:30  INFO 29796 --- [Review] [restartedMain] o.s.c.c.c.ConfigServerConfigDataLoader   : Fetching config from server at : http://localhost:8888
2025-05-08T10:15:44.471+05:30  INFO 29796 --- [Review] [restartedMain] o.s.c.c.c.ConfigServerConfigDataLoader   : Located environment: name=Review, profiles=[default], label=null, version=767bc270dd63bcb8401aeccf5f8e6e9df6854b18, state=
2025-05-08T10:15:44.743+05:30  INFO 29796 --- [Review] [restartedMain] .s.d.r.c.RepositoryConfigurationDelegate : Bootstrapping Spring Data JPA repositories in DEFAULT mode.
2025-05-08T10:15:44.753+05:30  INFO 29796 --- [Review] [restartedMain] .s.d.r.c.RepositoryConfigurationDelegate : Finished Spring Data repository scanning in 8 ms. Found 1 JPA repository interface.
2025-05-08T10:15:44.823+05:30  INFO 29796 --- [Review] [restartedMain] o.s.cloud.context.scope.GenericScope     : BeanFactory id=538a1e00-2091-300e-aba0-23b4c1a249c5
2025-05-08T10:15:44.934+05:30  INFO 29796 --- [Review] [restartedMain] o.s.b.w.embedded.tomcat.TomcatWebServer  : Tomcat initialized with port 4002 (http)
2025-05-08T10:15:44.934+05:30  INFO 29796 --- [Review] [restartedMain] o.apache.catalina.core.StandardService   : Starting service [Tomcat]
2025-05-08T10:15:44.934+05:30  INFO 29796 --- [Review] [restartedMain] o.apache.catalina.core.StandardEngine    : Starting Servlet engine: [Apache Tomcat/10.1.40]
2025-05-08T10:15:44.994+05:30  INFO 29796 --- [Review] [restartedMain] o.a.c.c.C.[Tomcat].[localhost].[/]       : Initializing Spring embedded WebApplicationContext
2025-05-08T10:15:44.995+05:30  INFO 29796 --- [Review] [restartedMain] w.s.c.ServletWebServerApplicationContext : Root WebApplicationContext: initialization completed in 524 ms
2025-05-08T10:15:45.143+05:30  INFO 29796 --- [Review] [restartedMain] o.hibernate.jpa.internal.util.LogHelper  : HHH000204: Processing PersistenceUnitInfo [name: default]
2025-05-08T10:15:45.145+05:30  INFO 29796 --- [Review] [restartedMain] o.h.c.internal.RegionFactoryInitiator    : HHH000026: Second-level cache disabled
2025-05-08T10:15:45.155+05:30  INFO 29796 --- [Review] [restartedMain] o.s.o.j.p.SpringPersistenceUnitInfo      : No LoadTimeWeaver setup: ignoring JPA class transformer
2025-05-08T10:15:45.156+05:30  INFO 29796 --- [Review] [restartedMain] com.zaxxer.hikari.HikariDataSource       : HikariPool-5 - Starting...
2025-05-08T10:15:45.167+05:30  INFO 29796 --- [Review] [restartedMain] com.zaxxer.hikari.pool.HikariPool        : HikariPool-5 - Added connection com.mysql.cj.jdbc.ConnectionImpl@73ad03aa
2025-05-08T10:15:45.167+05:30  INFO 29796 --- [Review] [restartedMain] com.zaxxer.hikari.HikariDataSource       : HikariPool-5 - Start completed.
2025-05-08T10:15:45.168+05:30  WARN 29796 --- [Review] [restartedMain] org.hibernate.orm.deprecation            : HHH90000025: MySQLDialect does not need to be specified explicitly using 'hibernate.dialect' (remove the property setting and it will be selected by default)
2025-05-08T10:15:45.169+05:30  INFO 29796 --- [Review] [restartedMain] org.hibernate.orm.connections.pooling    : HHH10001005: Database info:
	Database JDBC URL [Connecting through datasource 'HikariDataSource (HikariPool-5)']
	Database driver: undefined/unknown
	Database version: 8.0.41
	Autocommit mode: undefined/unknown
	Isolation level: undefined/unknown
	Minimum pool size: undefined/unknown
	Maximum pool size: undefined/unknown
2025-05-08T10:15:45.209+05:30  INFO 29796 --- [Review] [restartedMain] o.h.e.t.j.p.i.JtaPlatformInitiator       : HHH000489: No JTA platform available (set 'hibernate.transaction.jta.platform' to enable JTA platform integration)
2025-05-08T10:15:45.254+05:30  INFO 29796 --- [Review] [restartedMain] j.LocalContainerEntityManagerFactoryBean : Initialized JPA EntityManagerFactory for persistence unit 'default'
2025-05-08T10:15:45.359+05:30  WARN 29796 --- [Review] [restartedMain] JpaBaseConfiguration$JpaWebConfiguration : spring.jpa.open-in-view is enabled by default. Therefore, database queries may be performed during view rendering. Explicitly configure spring.jpa.open-in-view to disable this warning
2025-05-08T10:15:45.403+05:30  WARN 29796 --- [Review] [restartedMain] o.s.b.d.a.OptionalLiveReloadServer       : Unable to start LiveReload server
2025-05-08T10:15:45.423+05:30  INFO 29796 --- [Review] [restartedMain] o.s.c.openfeign.FeignClientFactoryBean   : For 'USERROLES' URL not provided. Will try picking an instance via load-balancing.
2025-05-08T10:15:45.875+05:30  INFO 29796 --- [Review] [restartedMain] .w.s.a.s.AnnotationActionEndpointMapping : Supporting [WS-Addressing August 2004, WS-Addressing 1.0]
2025-05-08T10:15:45.915+05:30  INFO 29796 --- [Review] [restartedMain] DiscoveryClientOptionalArgsConfiguration : Eureka HTTP Client uses RestTemplate.
2025-05-08T10:15:45.942+05:30  WARN 29796 --- [Review] [restartedMain] iguration$LoadBalancerCaffeineWarnLogger : Spring Cloud LoadBalancer is currently working with the default cache. While this cache implementation is useful for development and tests, it's recommended to use Caffeine cache in production.You can switch to using Caffeine cache, by adding it and org.springframework.cache.caffeine.CaffeineCacheManager to the classpath.
2025-05-08T10:15:45.951+05:30  INFO 29796 --- [Review] [restartedMain] o.s.b.a.e.web.EndpointLinksResolver      : Exposing 1 endpoint beneath base path '/actuator'
2025-05-08T10:15:45.976+05:30  INFO 29796 --- [Review] [restartedMain] o.s.c.n.eureka.InstanceInfoFactory       : Setting initial instance status as: STARTING
2025-05-08T10:15:45.978+05:30  INFO 29796 --- [Review] [restartedMain] com.netflix.discovery.DiscoveryClient    : Initializing Eureka in region us-east-1
2025-05-08T10:15:45.978+05:30  INFO 29796 --- [Review] [restartedMain] c.n.d.s.r.aws.ConfigClusterResolver      : Resolving eureka endpoints via configuration
2025-05-08T10:15:45.978+05:30  INFO 29796 --- [Review] [restartedMain] com.netflix.discovery.DiscoveryClient    : Disable delta property : false
2025-05-08T10:15:45.979+05:30  INFO 29796 --- [Review] [restartedMain] com.netflix.discovery.DiscoveryClient    : Single vip registry refresh property : null
2025-05-08T10:15:45.979+05:30  INFO 29796 --- [Review] [restartedMain] com.netflix.discovery.DiscoveryClient    : Force full registry fetch : false
2025-05-08T10:15:45.979+05:30  INFO 29796 --- [Review] [restartedMain] com.netflix.discovery.DiscoveryClient    : Application is null : false
2025-05-08T10:15:45.979+05:30  INFO 29796 --- [Review] [restartedMain] com.netflix.discovery.DiscoveryClient    : Registered Applications size is zero : true
2025-05-08T10:15:45.979+05:30  INFO 29796 --- [Review] [restartedMain] com.netflix.discovery.DiscoveryClient    : Application version is -1: true
2025-05-08T10:15:45.979+05:30  INFO 29796 --- [Review] [restartedMain] com.netflix.discovery.DiscoveryClient    : Getting all instance registry info from the eureka server
2025-05-08T10:15:45.996+05:30  INFO 29796 --- [Review] [restartedMain] com.netflix.discovery.DiscoveryClient    : The response status is 200
2025-05-08T10:15:45.996+05:30  INFO 29796 --- [Review] [restartedMain] com.netflix.discovery.DiscoveryClient    : Starting heartbeat executor: renew interval is: 30
2025-05-08T10:15:45.996+05:30  INFO 29796 --- [Review] [restartedMain] c.n.discovery.InstanceInfoReplicator     : InstanceInfoReplicator onDemand update allowed rate per min is 4
2025-05-08T10:15:45.997+05:30  INFO 29796 --- [Review] [restartedMain] com.netflix.discovery.DiscoveryClient    : Discovery Client initialized at timestamp 1746679545997 with initial instances count: 3
2025-05-08T10:15:46.001+05:30  INFO 29796 --- [Review] [restartedMain] o.s.c.n.e.s.EurekaServiceRegistry        : Registering application REVIEW with eureka with status UP
2025-05-08T10:15:46.001+05:30  INFO 29796 --- [Review] [restartedMain] com.netflix.discovery.DiscoveryClient    : Saw local status change event StatusChangeEvent [timestamp=1746679546001, current=UP, previous=STARTING]
2025-05-08T10:15:46.001+05:30  INFO 29796 --- [Review] [DiscoveryClient-InstanceInfoReplicator-%d] com.netflix.discovery.DiscoveryClient    : DiscoveryClient_REVIEW/LTIN603872.cts.com:Review:4002: registering service...
2025-05-08T10:15:46.009+05:30  INFO 29796 --- [Review] [restartedMain] o.s.b.w.embedded.tomcat.TomcatWebServer  : Tomcat started on port 4002 (http) with context path '/'
2025-05-08T10:15:46.009+05:30  INFO 29796 --- [Review] [restartedMain] .s.c.n.e.s.EurekaAutoServiceRegistration : Updating port to 4002
2025-05-08T10:15:46.016+05:30  INFO 29796 --- [Review] [DiscoveryClient-InstanceInfoReplicator-%d] com.netflix.discovery.DiscoveryClient    : DiscoveryClient_REVIEW/LTIN603872.cts.com:Review:4002 - registration status: 204
2025-05-08T10:15:46.023+05:30  INFO 29796 --- [Review] [restartedMain] com.cts.ReviewApplication                : Started ReviewApplication in 2.483 seconds (process running for 592.04)
2025-05-08T10:15:46.024+05:30  INFO 29796 --- [Review] [restartedMain] .ConditionEvaluationDeltaLoggingListener : Condition evaluation unchanged
2025-05-08T10:16:02.303+05:30  INFO 29796 --- [Review] [http-nio-4002-exec-4] o.a.c.c.C.[Tomcat].[localhost].[/]       : Initializing Spring DispatcherServlet 'dispatcherServlet'
2025-05-08T10:16:02.304+05:30  INFO 29796 --- [Review] [http-nio-4002-exec-4] o.s.web.servlet.DispatcherServlet        : Initializing Servlet 'dispatcherServlet'
2025-05-08T10:16:02.305+05:30  INFO 29796 --- [Review] [http-nio-4002-exec-4] o.s.web.servlet.DispatcherServlet        : Completed initialization in 1 ms
2025-05-08T10:16:02.329+05:30  WARN 29796 --- [Review] [http-nio-4002-exec-4] .m.m.a.ExceptionHandlerExceptionResolver : Resolved [org.springframework.web.bind.MethodArgumentNotValidException: Validation failed for argument [0] in public java.lang.String com.cts.controller.ReviewController.addReview(com.cts.model.Review): [Field error in object 'review' on field 'rating': rejected value [0]; codes [Min.review.rating,Min.rating,Min.int,Min]; arguments [org.springframework.context.support.DefaultMessageSourceResolvable: codes [review.rating,rating]; arguments []; default message [rating],1]; default message [The minimum rating should be 1]] ]
2025-05-08T10:16:09.353+05:30  WARN 29796 --- [Review] [http-nio-4002-exec-2] .m.m.a.ExceptionHandlerExceptionResolver : Resolved [org.springframework.web.bind.MethodArgumentNotValidException: Validation failed for argument [0] in public java.lang.String com.cts.controller.ReviewController.addReview(com.cts.model.Review) with 3 errors: [Field error in object 'review' on field 'comment': rejected value []; codes [Size.review.comment,Size.comment,Size.java.lang.String,Size]; arguments [org.springframework.context.support.DefaultMessageSourceResolvable: codes [review.comment,comment]; arguments []; default message [comment],70,2]; default message [Comment must be between 2 and 70 characters]] [Field error in object 'review' on field 'comment': rejected value []; codes [NotBlank.review.comment,NotBlank.comment,NotBlank.java.lang.String,NotBlank]; arguments [org.springframework.context.support.DefaultMessageSourceResolvable: codes [review.comment,comment]; arguments []; default message [comment]]; default message [Please comment your experience about the travel]] [Field error in object 'review' on field 'rating': rejected value [0]; codes [Min.review.rating,Min.rating,Min.int,Min]; arguments [org.springframework.context.support.DefaultMessageSourceResolvable: codes [review.rating,rating]; arguments []; default message [rating],1]; default message [The minimum rating should be 1]] ]
2025-05-08T10:16:13.673+05:30  WARN 29796 --- [Review] [http-nio-4002-exec-6] .m.m.a.ExceptionHandlerExceptionResolver : Resolved [org.springframework.web.bind.MethodArgumentNotValidException: Validation failed for argument [0] in public java.lang.String com.cts.controller.ReviewController.addReview(com.cts.model.Review) with 3 errors: [Field error in object 'review' on field 'comment': rejected value [ ]; codes [NotBlank.review.comment,NotBlank.comment,NotBlank.java.lang.String,NotBlank]; arguments [org.springframework.context.support.DefaultMessageSourceResolvable: codes [review.comment,comment]; arguments []; default message [comment]]; default message [Please comment your experience about the travel]] [Field error in object 'review' on field 'comment': rejected value [ ]; codes [Size.review.comment,Size.comment,Size.java.lang.String,Size]; arguments [org.springframework.context.support.DefaultMessageSourceResolvable: codes [review.comment,comment]; arguments []; default message [comment],70,2]; default message [Comment must be between 2 and 70 characters]] [Field error in object 'review' on field 'rating': rejected value [0]; codes [Min.review.rating,Min.rating,Min.int,Min]; arguments [org.springframework.context.support.DefaultMessageSourceResolvable: codes [review.rating,rating]; arguments []; default message [rating],1]; default message [The minimum rating should be 1]] ]
2025-05-08T10:16:23.577+05:30  INFO 29796 --- [Review] [http-nio-4002-exec-9] com.cts.service.ReviewServiceImpl        : New review is added
2025-05-08T10:20:45.994+05:30  INFO 29796 --- [Review] [AsyncResolver-bootstrap-executor-%d] c.n.d.s.r.aws.ConfigClusterResolver      : Resolving eureka endpoints via configuration
2025-05-08T10:25:45.996+05:30  INFO 29796 --- [Review] [AsyncResolver-bootstrap-executor-%d] c.n.d.s.r.aws.ConfigClusterResolver      : Resolving eureka endpoints via configuration
2025-05-08T10:30:46.012+05:30  INFO 29796 --- [Review] [AsyncResolver-bootstrap-executor-%d] c.n.d.s.r.aws.ConfigClusterResolver      : Resolving eureka endpoints via configuration
2025-05-08T10:35:46.013+05:30  INFO 29796 --- [Review] [AsyncResolver-bootstrap-executor-%d] c.n.d.s.r.aws.ConfigClusterResolver      : Resolving eureka endpoints via configuration
2025-05-08T10:40:46.023+05:30  INFO 29796 --- [Review] [AsyncResolver-bootstrap-executor-%d] c.n.d.s.r.aws.ConfigClusterResolver      : Resolving eureka endpoints via configuration
2025-05-08T10:45:46.029+05:30  INFO 29796 --- [Review] [AsyncResolver-bootstrap-executor-%d] c.n.d.s.r.aws.ConfigClusterResolver      : Resolving eureka endpoints via configuration
2025-05-08T10:50:46.033+05:30  INFO 29796 --- [Review] [AsyncResolver-bootstrap-executor-%d] c.n.d.s.r.aws.ConfigClusterResolver      : Resolving eureka endpoints via configuration
2025-05-08T10:55:46.035+05:30  INFO 29796 --- [Review] [AsyncResolver-bootstrap-executor-%d] c.n.d.s.r.aws.ConfigClusterResolver      : Resolving eureka endpoints via configuration
2025-05-08T11:03:38.925+05:30  WARN 29796 --- [Review] [HikariPool-5 housekeeper] com.zaxxer.hikari.pool.HikariPool        : HikariPool-5 - Thread starvation or clock leap detected (housekeeper delta=3m53s46ms248s400ns).
2025-05-08T11:04:09.076+05:30  INFO 29796 --- [Review] [AsyncResolver-bootstrap-executor-%d] c.n.d.s.r.aws.ConfigClusterResolver      : Resolving eureka endpoints via configuration
2025-05-08T11:09:09.087+05:30  INFO 29796 --- [Review] [AsyncResolver-bootstrap-executor-%d] c.n.d.s.r.aws.ConfigClusterResolver      : Resolving eureka endpoints via configuration
